task=reachp | device=cpu | params=0.22M | seed=1
== loaded checkpoint results/ckpt_reachp_s1.pt (skip training; eval batches are fresh draws) ==
== eval (N=12000, T=10) | no-halt acc 35.8% @ 10 steps ==
== fixed-depth frontier (compute-matched control) ==
  fixed t= 1 | acc  19.2%
  fixed t= 2 | acc  23.5%
  fixed t= 3 | acc  27.9%
  fixed t= 4 | acc  31.5%
  fixed t= 5 | acc  32.9%
  fixed t= 6 | acc  34.1%
  fixed t= 7 | acc  34.9%
  fixed t= 8 | acc  35.4%
  fixed t= 9 | acc  35.6%
  fixed t=10 | acc  35.8%
== signal arms (tau on held-out calib; shuf_g/shuf_b = global/within-block nulls) ==
  signal        tau    acc  steps  shuf_g  shuf_b    corr  er/pm/wa/fd  pm|halt  tau_ok
  ent        0.0895  35.7%   9.76   35.5%   35.5%  -0.310  0.04/0.00/0.00/0.96     0.02  y
  recon     14.7911  32.4%   8.40   33.0%   32.8%  -0.179  0.04/0.04/0.10/0.82     0.22  FALLBACK
  rnorm    -64.4025  32.8%   8.58   33.2%   33.3%  -0.098  0.04/0.04/0.09/0.84     0.22  FALLBACK
  dstate     1.8019  34.6%   6.78   34.0%   34.1%  +0.014  0.25/0.03/0.50/0.22     0.04  y
  dent       0.0012  35.5%   9.52   35.4%   35.5%  -0.076  0.06/0.01/0.05/0.88     0.05  y
== tau-sweep on eval per signal (steps:acc%) — read matched-compute comparisons (PROJECT.md §7 kill criterion) off these curves, not the single points ==
  curve ent     9.76:35.7 8.51:33.3 6.83:29.6 5.83:27.2 5.12:25.7 4.75:25.1 4.51:25.1 4.29:25.0 4.08:24.8 3.87:24.7 3.67:24.6 3.49:24.4 3.30:24.1 3.11:23.8 2.93:23.6 2.73:23.3 2.56:23.0 2.36:22.7 2.17:22.2 1.96:21.6 1.76:21.3 1.57:20.7 1.38:20.2 1.20:19.7 1.07:19.3
  curve recon   8.40:32.4 6.88:29.2 6.22:28.1 5.71:27.4 5.23:26.7 4.79:26.0 4.39:25.3 3.99:24.7 3.64:23.9 3.29:23.4 2.92:22.7 2.50:22.1 2.11:21.2 1.85:20.7 1.60:20.3 1.34:19.6 1.18:19.3 1.08:19.2 1.03:19.1 1.00:19.1 1.00:19.2 1.00:19.2 1.00:19.2 1.00:19.2 1.00:19.2
  curve rnorm   8.58:32.8 7.69:31.3 7.18:30.5 6.70:29.7 6.23:29.1 5.76:28.5 5.25:27.8 4.72:27.0 4.14:26.0 3.63:25.1 3.14:24.3 2.69:23.5 2.38:22.9 2.13:22.5 1.92:22.0 1.77:21.6 1.64:21.2 1.55:20.9 1.47:20.5 1.41:20.4 1.35:20.2 1.28:19.9 1.21:19.6 1.15:19.4 1.05:19.2
  curve dstate  9.82:35.7 9.45:35.7 9.10:35.6 8.75:35.4 8.41:35.3 8.07:35.2 7.74:35.1 7.41:34.9 7.07:34.7 6.78:34.6 6.47:34.4 6.16:34.3 5.82:34.1 5.46:33.8 5.11:33.4 4.72:32.8 4.36:32.2 3.95:31.3 3.58:30.3 3.17:28.8 2.78:27.2 2.38:25.8 1.96:24.3 1.53:22.3 1.15:20.1
  curve dent    9.52:35.5 8.83:34.9 8.13:34.2 7.54:33.5 7.02:33.1 6.53:32.6 6.07:32.1 5.67:31.5 5.31:31.0 5.01:30.6 4.74:30.3 4.51:29.9 4.27:29.7 4.08:29.2 3.90:28.9 3.73:28.7 3.57:28.4 3.42:28.0 3.27:27.8 3.11:27.4 2.94:26.9 2.77:26.4 2.56:25.6 2.32:24.4 2.12:23.7
saved figure -> results/bakeoff_reachp_s1.png
