task=reachp | device=cpu | params=0.22M | seed=5
== loaded checkpoint results/ckpt_reachp_s5.pt (skip training; eval batches are fresh draws) ==
== eval (N=12000, T=10) | no-halt acc 34.9% @ 10 steps ==
== fixed-depth frontier (compute-matched control) ==
  fixed t= 1 | acc  19.2%
  fixed t= 2 | acc  22.7%
  fixed t= 3 | acc  26.8%
  fixed t= 4 | acc  30.6%
  fixed t= 5 | acc  32.6%
  fixed t= 6 | acc  33.6%
  fixed t= 7 | acc  34.2%
  fixed t= 8 | acc  34.6%
  fixed t= 9 | acc  34.8%
  fixed t=10 | acc  34.9%
== signal arms (tau on held-out calib; shuf_g/shuf_b = global/within-block nulls) ==
  signal        tau    acc  steps  shuf_g  shuf_b    corr  er/pm/wa/fd  pm|halt  tau_ok
  ent        0.0900  34.6%   9.66   34.5%   34.5%  -0.312  0.04/0.00/0.01/0.95     0.08  y
  recon     13.9974  32.0%   8.44   32.2%   32.4%  -0.170  0.04/0.04/0.10/0.82     0.21  FALLBACK
  rnorm    -57.7408  32.3%   8.61   32.5%   32.6%  -0.096  0.04/0.03/0.09/0.84     0.21  FALLBACK
  dstate     1.9586  34.1%   6.59   33.3%   33.3%  +0.021  0.28/0.03/0.53/0.16     0.03  y
  dent       0.0011  34.6%   9.54   34.6%   34.6%  -0.067  0.05/0.01/0.05/0.89     0.05  y
== tau-sweep on eval per signal (steps:acc%) — read matched-compute comparisons (PROJECT.md §7 kill criterion) off these curves, not the single points ==
  curve ent     9.66:34.6 8.42:32.4 7.01:29.3 6.06:27.2 5.28:25.5 4.90:25.0 4.66:24.8 4.44:24.7 4.23:24.6 4.02:24.5 3.84:24.3 3.64:24.2 3.45:24.1 3.24:23.8 3.01:23.5 2.80:23.1 2.60:22.8 2.38:22.5 2.16:21.8 1.93:21.3 1.71:20.9 1.50:20.4 1.31:19.9 1.15:19.6 1.03:19.2
  curve recon   8.44:32.0 6.81:28.4 6.19:27.5 5.73:26.7 5.32:26.1 4.93:25.5 4.57:25.0 4.12:24.6 3.68:24.1 3.16:23.1 2.66:22.5 2.19:21.8 1.70:20.7 1.38:20.1 1.23:19.8 1.10:19.5 1.04:19.4 1.01:19.3 1.00:19.2 1.00:19.2 1.00:19.2 1.00:19.2 1.00:19.2 1.00:19.2 1.00:19.2
  curve rnorm   8.61:32.3 7.76:30.9 7.20:30.0 6.68:29.2 6.15:28.2 5.61:27.6 4.99:26.7 4.32:25.7 3.67:24.7 3.10:23.7 2.68:23.0 2.30:22.3 2.00:21.5 1.79:21.0 1.66:20.9 1.57:20.6 1.50:20.3 1.43:20.0 1.35:19.8 1.25:19.5 1.18:19.3 1.11:19.2 1.07:19.1 1.04:19.2 1.02:19.2
  curve dstate  9.82:34.9 9.48:34.9 9.11:34.9 8.79:34.8 8.46:34.7 8.15:34.6 7.84:34.4 7.54:34.3 7.22:34.2 6.91:34.2 6.59:34.1 6.25:33.9 5.92:33.6 5.55:33.4 5.16:32.9 4.76:32.5 4.35:31.9 3.95:31.0 3.55:29.8 3.13:28.0 2.74:26.1 2.36:24.5 1.94:23.5 1.53:21.8 1.16:20.1
  curve dent    9.54:34.6 8.81:34.1 8.19:33.6 7.58:33.0 7.07:32.2 6.57:31.7 6.14:31.1 5.77:30.6 5.42:30.3 5.14:30.0 4.83:29.5 4.56:29.0 4.33:28.7 4.09:28.3 3.90:27.9 3.72:27.5 3.56:27.2 3.38:26.7 3.23:26.4 3.07:26.1 2.91:25.6 2.75:25.1 2.56:24.5 2.32:23.4 2.13:22.7
saved figure -> results/bakeoff_reachp_s5.png
