task=rule | device=cpu | params=0.22M | seed=8
== loaded checkpoint results/ckpt_rule_s8.pt (skip training; eval batches are fresh draws) ==
== eval (N=10000, T=8) | no-halt acc 50.5% @ 8 steps ==
== fixed-depth frontier (compute-matched control) ==
  fixed t= 1 | acc  48.6%
  fixed t= 2 | acc  50.4%
  fixed t= 3 | acc  50.4%
  fixed t= 4 | acc  50.4%
  fixed t= 5 | acc  50.6%
  fixed t= 6 | acc  50.4%
  fixed t= 7 | acc  50.5%
  fixed t= 8 | acc  50.5%
== signal arms (tau on held-out calib; shuf_g/shuf_b = global/within-block nulls) ==
  signal        tau    acc  steps  shuf_g  shuf_b    corr  er/pm/wa/fd  pm|halt  tau_ok
  ent        2.7507  49.5%   1.93   49.3%   49.2%  -0.970  0.49/0.04/0.38/0.09     0.04  y
  recon    102.4230  49.8%   1.83   49.4%   49.3%  -0.766  0.49/0.03/0.46/0.01     0.03  y
  rnorm     -5.8584  49.8%   3.43   49.4%   49.2%  -0.638  0.44/0.02/0.19/0.34     0.03  y
  dstate    68.8058  49.7%   1.79   50.1%   50.1%  +0.638  0.50/0.04/0.46/-0.00     0.04  y
  dent       0.3379  50.4%   2.13   50.4%   50.4%  -0.160  0.50/0.03/0.46/-0.00     0.03  y
== tau-sweep on eval per signal (steps:acc%) — read matched-compute comparisons (PROJECT.md §7 kill criterion) off these curves, not the single points ==
  curve ent     7.74:50.5 7.41:50.5 7.18:50.5 6.95:50.5 6.70:50.5 6.40:50.5 6.12:50.5 5.84:50.5 5.57:50.5 5.33:50.5 5.09:50.5 4.87:50.5 4.61:50.5 4.28:50.5 4.00:50.3 3.73:50.4 3.43:50.5 3.15:50.4 2.87:50.4 2.56:50.2 2.24:50.0 1.93:49.5 1.59:49.2 1.30:49.1 1.13:48.7
  curve recon   6.96:50.5 5.52:50.5 5.12:50.4 4.88:50.3 4.67:50.3 4.52:50.4 4.38:50.4 4.24:50.3 4.11:50.2 3.96:50.3 3.83:50.2 3.69:50.2 3.53:50.2 3.37:50.3 3.20:50.3 3.05:50.3 2.87:50.3 2.67:50.2 2.48:50.2 2.27:50.1 2.05:50.0 1.83:49.8 1.62:49.6 1.39:49.4 1.12:48.9
  curve rnorm   6.97:50.5 4.75:50.4 3.43:49.8 2.53:49.4 1.85:49.3 1.45:49.0 1.26:49.0 1.16:49.0 1.12:48.9 1.08:48.8 1.07:48.8 1.05:48.8 1.04:48.7 1.03:48.7 1.03:48.7 1.02:48.7 1.02:48.6 1.01:48.6 1.01:48.6 1.01:48.6 1.01:48.6 1.01:48.6 1.00:48.6 1.00:48.6 1.00:48.6
  curve dstate  7.88:50.5 7.60:50.6 7.30:50.4 7.01:50.6 6.71:50.6 6.43:50.5 6.14:50.4 5.85:50.3 5.54:50.4 5.23:50.3 4.90:50.4 4.60:50.5 4.31:50.4 4.05:50.4 3.83:50.4 3.56:50.3 3.29:50.5 3.01:50.4 2.74:50.4 2.47:50.4 2.23:50.4 2.05:50.4 1.79:49.7 1.48:49.0 1.15:48.6
  curve dent    7.70:50.5 7.28:50.5 7.01:50.5 6.81:50.5 6.65:50.4 6.42:50.4 6.12:50.4 5.79:50.3 5.44:50.3 5.13:50.4 4.86:50.4 4.61:50.4 4.40:50.4 4.25:50.5 4.11:50.4 3.98:50.4 3.86:50.4 3.71:50.4 3.55:50.5 3.34:50.4 3.10:50.4 2.87:50.5 2.63:50.4 2.40:50.4 2.13:50.4
saved figure -> results/bakeoff_rule_s8.png
