task=rule | device=cpu | params=0.22M | seed=4
== loaded checkpoint results/ckpt_rule_s4.pt (skip training; eval batches are fresh draws) ==
== eval (N=10000, T=8) | no-halt acc 50.8% @ 8 steps ==
== fixed-depth frontier (compute-matched control) ==
  fixed t= 1 | acc  47.7%
  fixed t= 2 | acc  50.4%
  fixed t= 3 | acc  50.4%
  fixed t= 4 | acc  50.6%
  fixed t= 5 | acc  50.7%
  fixed t= 6 | acc  50.8%
  fixed t= 7 | acc  50.8%
  fixed t= 8 | acc  50.8%
== signal arms (tau on held-out calib; shuf_g/shuf_b = global/within-block nulls) ==
  signal        tau    acc  steps  shuf_g  shuf_b    corr  er/pm/wa/fd  pm|halt  tau_ok
  ent        2.7482  49.1%   1.92   48.8%   48.7%  -0.961  0.49/0.03/0.39/0.09     0.04  y
  recon     98.1329  49.6%   1.78   48.7%   48.7%  -0.761  0.49/0.03/0.46/0.01     0.03  y
  rnorm     -6.1187  49.7%   3.36   48.9%   48.8%  -0.642  0.44/0.02/0.21/0.33     0.03  y
  dstate    68.6367  49.7%   1.81   49.9%   49.9%  +0.636  0.50/0.03/0.47/0.00     0.03  y
  dent       0.3443  50.4%   2.14   50.4%   50.4%  -0.068  0.50/0.03/0.47/0.00     0.03  y
== tau-sweep on eval per signal (steps:acc%) — read matched-compute comparisons (PROJECT.md §7 kill criterion) off these curves, not the single points ==
  curve ent     7.79:50.8 7.47:50.8 7.19:50.8 6.94:50.8 6.69:50.8 6.38:50.8 6.09:50.8 5.81:50.8 5.57:50.8 5.33:50.8 5.06:50.8 4.82:50.7 4.54:50.8 4.25:50.7 3.94:50.7 3.68:50.6 3.43:50.5 3.13:50.5 2.82:50.4 2.55:50.2 2.26:49.9 1.92:49.1 1.58:48.5 1.32:48.2 1.14:47.9
  curve recon   6.94:50.8 5.49:50.8 5.08:50.7 4.79:50.6 4.60:50.5 4.38:50.4 4.21:50.4 4.06:50.4 3.89:50.4 3.72:50.3 3.57:50.3 3.42:50.3 3.26:50.2 3.12:50.2 2.97:50.2 2.82:50.1 2.64:50.0 2.48:50.1 2.31:50.0 2.14:49.9 1.97:49.6 1.78:49.6 1.58:49.3 1.36:48.9 1.11:48.2
  curve rnorm   6.96:50.8 4.83:50.5 3.36:49.7 2.47:48.9 1.82:48.4 1.42:48.0 1.20:47.9 1.11:47.8 1.07:47.8 1.04:47.8 1.03:47.7 1.03:47.7 1.02:47.7 1.02:47.7 1.01:47.7 1.01:47.7 1.01:47.7 1.01:47.7 1.01:47.7 1.00:47.7 1.00:47.7 1.00:47.7 1.00:47.7 1.00:47.7 1.00:47.7
  curve dstate  7.90:50.7 7.61:50.7 7.35:50.8 7.06:50.8 6.79:50.8 6.51:50.7 6.22:50.7 5.93:50.7 5.64:50.7 5.32:50.6 5.00:50.5 4.67:50.4 4.38:50.5 4.10:50.5 3.86:50.4 3.61:50.5 3.37:50.5 3.11:50.3 2.82:50.4 2.53:50.4 2.28:50.4 2.08:50.4 1.81:49.7 1.47:48.2 1.15:47.7
  curve dent    7.72:50.8 7.30:50.8 7.03:50.8 6.82:50.8 6.63:50.8 6.42:50.8 6.10:50.8 5.80:50.8 5.49:50.8 5.17:50.8 4.88:50.7 4.66:50.7 4.46:50.6 4.30:50.6 4.16:50.6 4.04:50.6 3.91:50.7 3.76:50.7 3.59:50.6 3.38:50.5 3.12:50.6 2.87:50.6 2.63:50.6 2.40:50.6 2.14:50.4
saved figure -> results/bakeoff_rule_s4.png
