task=rule | device=cpu | params=0.22M | seed=6
== loaded checkpoint results/ckpt_rule_s6.pt (skip training; eval batches are fresh draws) ==
== eval (N=10000, T=8) | no-halt acc 50.9% @ 8 steps ==
== fixed-depth frontier (compute-matched control) ==
  fixed t= 1 | acc  48.4%
  fixed t= 2 | acc  50.6%
  fixed t= 3 | acc  51.0%
  fixed t= 4 | acc  51.1%
  fixed t= 5 | acc  51.0%
  fixed t= 6 | acc  51.0%
  fixed t= 7 | acc  51.0%
  fixed t= 8 | acc  50.9%
== signal arms (tau on held-out calib; shuf_g/shuf_b = global/within-block nulls) ==
  signal        tau    acc  steps  shuf_g  shuf_b    corr  er/pm/wa/fd  pm|halt  tau_ok
  ent        2.6892  50.1%   2.26   49.5%   49.4%  -0.969  0.49/0.03/0.35/0.13     0.03  y
  recon     99.7538  49.9%   1.85   49.2%   49.3%  -0.765  0.50/0.03/0.45/0.02     0.03  y
  rnorm     -5.0128  49.9%   2.71   49.2%   49.1%  -0.647  0.47/0.03/0.28/0.23     0.04  y
  dstate    69.4257  50.0%   1.80   50.1%   50.3%  +0.640  0.50/0.04/0.46/-0.00     0.04  y
  dent       0.3494  50.7%   2.14   50.6%   50.7%  -0.188  0.51/0.03/0.46/0.00     0.03  y
== tau-sweep on eval per signal (steps:acc%) — read matched-compute comparisons (PROJECT.md §7 kill criterion) off these curves, not the single points ==
  curve ent     7.75:50.9 7.42:50.9 7.13:50.9 6.87:50.9 6.63:50.9 6.39:50.9 6.14:50.9 5.87:50.9 5.60:50.9 5.36:50.9 5.13:50.9 4.91:51.0 4.65:50.9 4.39:51.0 4.07:51.0 3.78:51.1 3.46:51.0 3.19:50.8 2.86:50.6 2.53:50.3 2.26:50.1 1.92:49.5 1.50:48.9 1.24:48.7 1.09:48.5
  curve recon   6.93:50.9 5.49:50.9 5.16:51.0 4.99:50.9 4.83:50.9 4.65:50.9 4.46:50.8 4.30:50.7 4.12:50.7 3.96:50.7 3.80:50.7 3.61:50.7 3.42:50.7 3.23:50.5 3.03:50.4 2.84:50.3 2.65:50.2 2.46:50.2 2.26:50.2 2.04:50.1 1.85:49.9 1.63:49.5 1.43:49.3 1.25:49.0 1.09:48.6
  curve rnorm   6.93:50.9 4.95:50.7 3.64:50.3 2.71:49.9 2.06:49.5 1.61:49.1 1.38:48.9 1.26:48.8 1.18:48.8 1.13:48.7 1.10:48.7 1.09:48.7 1.07:48.6 1.06:48.6 1.05:48.6 1.04:48.6 1.04:48.6 1.03:48.5 1.02:48.5 1.02:48.5 1.02:48.5 1.01:48.5 1.01:48.5 1.00:48.4 1.00:48.4
  curve dstate  7.86:50.9 7.58:51.0 7.28:51.0 6.98:51.0 6.64:51.2 6.32:51.1 6.01:51.1 5.69:51.1 5.37:51.1 5.03:51.0 4.72:51.1 4.43:51.1 4.19:51.1 3.95:50.9 3.72:50.9 3.46:50.7 3.19:50.6 2.92:50.6 2.66:50.6 2.39:50.6 2.15:50.6 2.02:50.6 1.80:50.0 1.48:48.8 1.15:48.4
  curve dent    7.63:50.9 7.16:50.9 6.94:50.9 6.76:51.0 6.60:51.0 6.43:51.0 6.18:50.9 5.84:50.9 5.51:50.9 5.13:50.9 4.81:50.9 4.53:50.8 4.32:50.9 4.17:50.9 4.05:50.8 3.93:50.8 3.80:50.9 3.67:50.9 3.52:51.0 3.33:50.9 3.11:51.0 2.87:50.9 2.64:50.9 2.41:50.9 2.14:50.7
saved figure -> results/bakeoff_rule_s6.png
