task=reachp | device=cpu | params=0.22M | seed=0
== loaded checkpoint results/ckpt_reachp_s0.pt (skip training; eval batches are fresh draws) ==
== eval (N=12000, T=10) | no-halt acc 34.8% @ 10 steps ==
== fixed-depth frontier (compute-matched control) ==
  fixed t= 1 | acc  18.9%
  fixed t= 2 | acc  22.1%
  fixed t= 3 | acc  27.4%
  fixed t= 4 | acc  31.3%
  fixed t= 5 | acc  32.9%
  fixed t= 6 | acc  33.8%
  fixed t= 7 | acc  34.4%
  fixed t= 8 | acc  34.6%
  fixed t= 9 | acc  34.8%
  fixed t=10 | acc  34.8%
== signal arms (tau on held-out calib; shuf_g/shuf_b = global/within-block nulls) ==
  signal        tau    acc  steps  shuf_g  shuf_b    corr  er/pm/wa/fd  pm|halt  tau_ok
  ent        0.0943  34.6%   9.72   34.5%   34.5%  -0.291  0.04/0.00/0.01/0.96     0.05  y
  recon     17.4752  31.3%   8.26   31.7%   31.8%  -0.156  0.04/0.04/0.11/0.80     0.22  FALLBACK
  rnorm    -56.7927  31.7%   8.48   32.2%   32.2%  -0.089  0.04/0.04/0.10/0.83     0.22  FALLBACK
  dstate     1.5855  34.3%   7.29   33.9%   34.0%  +0.017  0.22/0.02/0.47/0.29     0.03  y
  dent       0.0050  33.8%   8.32   33.7%   33.6%  -0.074  0.13/0.02/0.21/0.63     0.06  y
== tau-sweep on eval per signal (steps:acc%) — read matched-compute comparisons (PROJECT.md §7 kill criterion) off these curves, not the single points ==
  curve ent     9.72:34.6 8.27:31.9 6.80:28.4 5.94:26.7 5.24:25.4 4.89:25.0 4.63:24.9 4.41:24.7 4.18:24.5 3.96:24.4 3.73:24.0 3.52:23.7 3.30:23.4 3.08:23.1 2.88:22.8 2.67:22.5 2.46:22.1 2.26:21.7 2.03:21.3 1.84:20.9 1.65:20.4 1.47:19.9 1.32:19.5 1.17:19.2 1.05:18.9
  curve recon   8.26:31.3 6.84:28.6 6.21:27.7 5.68:26.8 5.26:26.2 4.90:25.6 4.53:25.0 4.06:24.4 3.62:23.6 3.15:22.6 2.73:22.0 2.42:21.4 2.13:21.0 1.91:20.7 1.72:20.4 1.55:20.1 1.44:19.8 1.34:19.5 1.27:19.5 1.19:19.3 1.13:19.1 1.10:19.1 1.05:19.0 1.00:18.9 1.00:18.9
  curve rnorm   8.48:31.7 7.65:30.1 7.10:29.2 6.56:28.5 6.08:27.6 5.54:26.8 4.92:26.1 4.25:25.2 3.59:24.2 2.94:23.1 2.44:22.1 2.04:21.2 1.71:20.5 1.49:20.0 1.33:19.7 1.24:19.4 1.16:19.2 1.11:19.1 1.09:19.0 1.08:19.0 1.07:18.9 1.05:18.9 1.04:18.9 1.02:18.9 1.01:18.9
  curve dstate  9.76:34.8 9.36:34.7 9.00:34.6 8.69:34.6 8.39:34.5 8.12:34.5 7.84:34.4 7.57:34.4 7.29:34.3 6.99:34.2 6.66:34.0 6.33:33.9 5.97:33.8 5.61:33.6 5.22:33.4 4.80:32.9 4.39:32.3 4.02:31.5 3.62:30.4 3.21:28.9 2.82:26.8 2.39:24.9 2.01:24.1 1.59:22.1 1.18:20.0
  curve dent    9.54:34.5 8.92:34.1 8.32:33.8 7.81:33.3 7.30:32.7 6.88:32.0 6.46:31.8 6.06:31.5 5.71:31.1 5.38:30.7 5.06:30.3 4.75:30.0 4.49:29.5 4.26:29.2 4.04:28.8 3.84:28.4 3.64:27.9 3.45:27.5 3.28:27.3 3.12:26.8 2.96:26.5 2.78:25.8 2.59:25.0 2.35:24.0 2.14:22.9
saved figure -> results/bakeoff_reachp_s0.png
