task=reachp | device=cpu | params=0.22M | seed=6
== loaded checkpoint results/ckpt_reachp_s6.pt (skip training; eval batches are fresh draws) ==
== eval (N=12000, T=10) | no-halt acc 35.0% @ 10 steps ==
== fixed-depth frontier (compute-matched control) ==
  fixed t= 1 | acc  19.0%
  fixed t= 2 | acc  22.9%
  fixed t= 3 | acc  27.3%
  fixed t= 4 | acc  30.6%
  fixed t= 5 | acc  32.4%
  fixed t= 6 | acc  33.5%
  fixed t= 7 | acc  34.1%
  fixed t= 8 | acc  34.5%
  fixed t= 9 | acc  34.8%
  fixed t=10 | acc  35.0%
== signal arms (tau on held-out calib; shuf_g/shuf_b = global/within-block nulls) ==
  signal        tau    acc  steps  shuf_g  shuf_b    corr  er/pm/wa/fd  pm|halt  tau_ok
  ent        0.0919  34.6%   9.59   34.4%   34.4%  -0.312  0.04/0.00/0.01/0.94     0.08  y
  recon     13.5699  32.0%   8.46   32.4%   32.4%  -0.167  0.04/0.04/0.09/0.83     0.22  FALLBACK
  rnorm    -62.2676  32.6%   8.69   32.8%   32.8%  -0.096  0.04/0.03/0.08/0.85     0.21  FALLBACK
  dstate     3.7020  33.1%   5.50   32.3%   32.3%  +0.021  0.32/0.04/0.61/0.02     0.04  y
  dent       0.0028  34.4%   8.85   34.1%   34.2%  -0.082  0.10/0.01/0.15/0.73     0.05  y
== tau-sweep on eval per signal (steps:acc%) — read matched-compute comparisons (PROJECT.md §7 kill criterion) off these curves, not the single points ==
  curve ent     9.59:34.6 8.06:31.7 6.57:28.3 5.78:26.6 5.10:25.2 4.80:24.8 4.57:24.6 4.34:24.5 4.14:24.3 3.93:24.2 3.72:24.1 3.52:24.0 3.31:23.7 3.10:23.5 2.91:23.3 2.72:22.9 2.53:22.5 2.34:22.2 2.12:21.6 1.90:21.1 1.69:20.7 1.49:20.0 1.31:19.6 1.15:19.4 1.04:19.1
  curve recon   8.46:32.0 6.95:29.0 6.36:27.9 5.90:27.3 5.48:26.8 5.07:26.2 4.69:25.4 4.30:24.8 3.87:24.2 3.36:23.3 2.92:22.7 2.38:21.7 1.93:20.8 1.70:20.3 1.59:20.2 1.48:20.1 1.36:20.0 1.24:19.7 1.17:19.5 1.12:19.3 1.09:19.3 1.05:19.1 1.02:18.9 1.00:19.0 1.00:19.0
  curve rnorm   8.69:32.6 7.74:30.9 7.14:29.8 6.63:29.2 6.12:28.3 5.62:27.6 5.09:26.9 4.47:25.9 3.77:24.8 3.15:23.8 2.58:22.7 2.12:21.8 1.82:21.1 1.61:20.4 1.48:20.0 1.38:20.0 1.28:19.9 1.20:19.5 1.14:19.4 1.09:19.3 1.07:19.2 1.04:19.1 1.03:19.0 1.02:19.0 1.01:19.0
  curve dstate  9.79:35.0 9.43:34.9 9.10:34.8 8.81:34.6 8.50:34.6 8.21:34.6 7.90:34.5 7.58:34.3 7.24:34.3 6.92:34.1 6.58:33.9 6.22:33.7 5.85:33.5 5.50:33.1 5.12:32.8 4.72:32.2 4.32:31.5 3.93:30.6 3.52:29.4 3.11:27.8 2.75:26.4 2.35:25.1 1.93:23.6 1.50:21.5 1.14:19.7
  curve dent    9.54:34.8 8.85:34.4 8.26:33.8 7.72:33.2 7.22:32.7 6.77:31.9 6.37:31.5 6.00:30.8 5.62:30.3 5.27:29.9 4.96:29.5 4.67:29.1 4.41:28.9 4.16:28.5 3.94:28.3 3.72:27.9 3.55:27.6 3.38:27.3 3.21:27.0 3.06:26.6 2.90:26.2 2.73:25.6 2.53:24.9 2.32:24.1 2.13:23.3
saved figure -> results/bakeoff_reachp_s6.png
