task=reachp | device=cpu | params=0.22M | seed=2
== loaded checkpoint results/ckpt_reachp_s2.pt (skip training; eval batches are fresh draws) ==
== eval (N=12000, T=10) | no-halt acc 34.9% @ 10 steps ==
== fixed-depth frontier (compute-matched control) ==
  fixed t= 1 | acc  18.9%
  fixed t= 2 | acc  23.3%
  fixed t= 3 | acc  27.7%
  fixed t= 4 | acc  30.8%
  fixed t= 5 | acc  32.4%
  fixed t= 6 | acc  33.5%
  fixed t= 7 | acc  34.1%
  fixed t= 8 | acc  34.5%
  fixed t= 9 | acc  34.7%
  fixed t=10 | acc  34.9%
== signal arms (tau on held-out calib; shuf_g/shuf_b = global/within-block nulls) ==
  signal        tau    acc  steps  shuf_g  shuf_b    corr  er/pm/wa/fd  pm|halt  tau_ok
  ent        0.0992  34.8%   9.80   34.7%   34.7%  -0.312  0.03/0.00/0.00/0.97     0.01  y
  recon     15.2320  31.7%   8.44   32.2%   32.1%  -0.190  0.04/0.04/0.10/0.82     0.21  FALLBACK
  rnorm    -60.1558  32.2%   8.66   32.5%   32.6%  -0.092  0.04/0.03/0.09/0.85     0.20  FALLBACK
  dstate     2.0695  33.6%   6.19   32.9%   32.9%  +0.028  0.29/0.03/0.60/0.08     0.04  y
  dent       0.0029  34.1%   8.97   34.3%   34.4%  -0.064  0.10/0.01/0.13/0.75     0.06  y
== tau-sweep on eval per signal (steps:acc%) — read matched-compute comparisons (PROJECT.md §7 kill criterion) off these curves, not the single points ==
  curve ent     9.80:34.8 8.58:32.6 7.03:29.2 6.08:27.3 5.39:26.0 4.99:25.4 4.72:25.3 4.50:25.2 4.30:25.0 4.10:24.8 3.90:24.8 3.70:24.6 3.50:24.3 3.32:24.1 3.10:23.8 2.90:23.4 2.68:23.0 2.45:22.6 2.21:22.1 1.95:21.3 1.73:20.5 1.51:20.1 1.34:19.6 1.18:19.2 1.05:19.0
  curve recon   8.44:31.7 6.91:28.7 6.29:27.6 5.83:27.2 5.42:26.5 4.98:26.1 4.53:25.2 4.17:24.5 3.76:23.8 3.43:23.2 3.04:22.8 2.59:22.1 2.17:21.5 1.76:20.8 1.46:19.9 1.27:19.5 1.14:19.2 1.04:19.1 1.01:19.0 1.00:18.9 1.00:18.9 1.00:18.9 1.00:18.9 1.00:18.9 1.00:18.9
  curve rnorm   8.66:32.2 7.78:30.6 7.23:29.8 6.75:29.2 6.24:28.5 5.74:27.8 5.18:27.0 4.53:26.2 3.84:25.2 3.21:24.2 2.68:23.2 2.27:22.3 1.95:21.5 1.71:21.0 1.51:20.5 1.39:20.0 1.29:19.8 1.20:19.6 1.14:19.3 1.09:19.2 1.06:19.0 1.04:19.0 1.03:18.9 1.02:18.9 1.02:18.9
  curve dstate  9.81:34.9 9.41:34.9 9.08:34.7 8.75:34.6 8.43:34.5 8.12:34.4 7.81:34.2 7.50:34.0 7.19:34.0 6.86:34.0 6.52:33.7 6.19:33.6 5.83:33.4 5.45:33.0 5.09:32.8 4.70:32.3 4.31:31.8 3.93:30.8 3.53:29.9 3.13:28.6 2.75:26.9 2.37:25.5 1.98:24.2 1.55:22.1 1.16:20.0
  curve dent    9.61:34.6 8.97:34.1 8.44:33.5 7.92:32.8 7.41:32.2 6.92:31.5 6.45:30.9 6.03:30.6 5.68:30.3 5.32:30.0 5.00:29.5 4.70:29.1 4.45:28.7 4.20:28.3 3.97:27.9 3.77:27.5 3.58:27.3 3.40:27.0 3.24:26.7 3.09:26.4 2.93:26.1 2.76:25.6 2.56:25.0 2.33:24.3 2.14:23.6
saved figure -> results/bakeoff_reachp_s2.png
