task=rule | device=cpu | params=0.22M | seed=2
== loaded checkpoint results/ckpt_rule_s2.pt (skip training; eval batches are fresh draws) ==
== eval (N=10000, T=8) | no-halt acc 51.1% @ 8 steps ==
== fixed-depth frontier (compute-matched control) ==
  fixed t= 1 | acc  48.2%
  fixed t= 2 | acc  50.8%
  fixed t= 3 | acc  50.7%
  fixed t= 4 | acc  50.8%
  fixed t= 5 | acc  51.0%
  fixed t= 6 | acc  51.0%
  fixed t= 7 | acc  51.1%
  fixed t= 8 | acc  51.1%
== signal arms (tau on held-out calib; shuf_g/shuf_b = global/within-block nulls) ==
  signal        tau    acc  steps  shuf_g  shuf_b    corr  er/pm/wa/fd  pm|halt  tau_ok
  ent        2.7415  49.7%   1.94   49.2%   49.1%  -0.959  0.49/0.04/0.38/0.09     0.04  y
  recon    105.1894  49.8%   2.03   49.2%   49.1%  -0.793  0.49/0.03/0.45/0.03     0.03  y
  rnorm     -6.0183  50.2%   3.52   49.3%   49.3%  -0.644  0.45/0.02/0.18/0.35     0.03  y
  dstate    28.2459  50.8%   2.07   50.8%   50.8%  +0.640  0.51/0.04/0.46/0.00     0.04  y
  dent       0.3627  50.7%   2.13   50.8%   50.7%  -0.072  0.51/0.03/0.46/0.00     0.03  y
== tau-sweep on eval per signal (steps:acc%) — read matched-compute comparisons (PROJECT.md §7 kill criterion) off these curves, not the single points ==
  curve ent     7.76:51.1 7.42:51.1 7.13:51.1 6.88:51.1 6.58:51.1 6.33:51.1 6.04:51.1 5.77:51.1 5.49:51.1 5.21:51.1 4.98:51.1 4.79:51.1 4.54:51.0 4.24:50.8 3.95:51.0 3.69:51.0 3.41:50.8 3.11:50.7 2.83:50.7 2.53:50.5 2.27:50.2 1.94:49.7 1.55:49.1 1.30:48.9 1.12:48.4
  curve recon   6.86:51.1 5.46:51.1 5.05:51.1 4.84:51.0 4.66:51.1 4.48:51.1 4.28:51.1 4.11:51.1 3.94:51.0 3.77:50.9 3.60:50.8 3.44:50.7 3.27:50.6 3.10:50.5 2.94:50.4 2.76:50.3 2.59:50.3 2.40:50.1 2.20:49.9 2.03:49.8 1.85:49.5 1.67:49.3 1.49:49.1 1.32:48.8 1.12:48.5
  curve rnorm   6.80:51.1 4.73:50.8 3.52:50.2 2.58:49.7 1.86:49.2 1.44:48.9 1.20:48.6 1.10:48.4 1.06:48.3 1.04:48.3 1.03:48.3 1.02:48.2 1.02:48.2 1.01:48.2 1.01:48.2 1.01:48.2 1.01:48.2 1.01:48.2 1.01:48.2 1.00:48.2 1.00:48.2 1.00:48.2 1.00:48.2 1.00:48.2 1.00:48.2
  curve dstate  7.90:51.1 7.67:51.0 7.40:50.9 7.11:51.0 6.81:50.9 6.52:50.9 6.21:50.9 5.93:50.9 5.62:50.9 5.32:50.9 4.99:50.8 4.68:50.7 4.38:50.6 4.13:50.7 3.89:50.7 3.65:50.7 3.38:50.6 3.13:50.7 2.85:50.7 2.55:50.8 2.27:50.8 2.07:50.8 1.79:49.6 1.50:48.6 1.16:48.2
  curve dent    7.69:51.1 7.26:51.1 6.99:51.1 6.78:51.1 6.57:51.1 6.35:51.1 6.08:51.0 5.76:51.0 5.45:51.0 5.15:51.1 4.88:51.1 4.66:51.1 4.47:51.1 4.33:51.1 4.17:51.1 4.04:51.0 3.90:51.0 3.72:50.9 3.51:50.9 3.29:51.0 3.07:50.9 2.85:50.8 2.62:50.7 2.38:50.7 2.13:50.7
saved figure -> results/bakeoff_rule_s2.png
