task=rule | device=cpu | params=0.22M | seed=9
== loaded checkpoint results/ckpt_rule_s9.pt (skip training; eval batches are fresh draws) ==
== eval (N=10000, T=8) | no-halt acc 50.8% @ 8 steps ==
== fixed-depth frontier (compute-matched control) ==
  fixed t= 1 | acc  48.6%
  fixed t= 2 | acc  50.8%
  fixed t= 3 | acc  50.8%
  fixed t= 4 | acc  50.9%
  fixed t= 5 | acc  50.8%
  fixed t= 6 | acc  50.9%
  fixed t= 7 | acc  51.1%
  fixed t= 8 | acc  50.8%
== signal arms (tau on held-out calib; shuf_g/shuf_b = global/within-block nulls) ==
  signal        tau    acc  steps  shuf_g  shuf_b    corr  er/pm/wa/fd  pm|halt  tau_ok
  ent        2.6504  50.5%   2.46   49.8%   49.5%  -0.970  0.50/0.03/0.33/0.15     0.03  y
  recon    103.7451  50.4%   2.66   49.5%   49.6%  -0.810  0.48/0.02/0.37/0.13     0.02  y
  rnorm     -4.6525  49.9%   2.50   49.2%   49.2%  -0.655  0.47/0.03/0.30/0.20     0.04  y
  dstate    26.5448  50.8%   2.06   50.9%   50.9%  +0.648  0.51/0.03/0.46/0.00     0.03  y
  dent       0.3308  50.8%   2.14   50.8%   50.8%  -0.145  0.51/0.03/0.46/0.00     0.03  y
== tau-sweep on eval per signal (steps:acc%) — read matched-compute comparisons (PROJECT.md §7 kill criterion) off these curves, not the single points ==
  curve ent     7.70:50.8 7.29:50.8 7.00:50.8 6.76:50.8 6.50:50.8 6.24:50.8 5.97:50.8 5.72:50.8 5.49:50.8 5.23:50.8 5.01:50.8 4.77:50.8 4.50:50.9 4.23:50.8 3.94:50.8 3.65:50.8 3.33:50.8 3.05:50.7 2.76:50.7 2.46:50.5 2.19:50.2 1.89:49.7 1.50:49.3 1.24:49.0 1.10:48.6
  curve recon   6.75:50.8 5.42:50.8 5.01:50.7 4.75:50.8 4.52:50.8 4.36:50.7 4.16:50.8 3.97:50.7 3.78:50.7 3.60:50.6 3.43:50.5 3.28:50.5 3.13:50.5 2.97:50.5 2.82:50.4 2.66:50.4 2.50:50.3 2.33:50.2 2.17:50.1 1.99:50.0 1.81:49.9 1.65:49.8 1.46:49.6 1.27:49.4 1.09:48.9
  curve rnorm   6.75:50.8 4.81:50.7 3.45:50.3 2.50:49.9 1.85:49.6 1.47:49.3 1.25:49.0 1.16:48.9 1.11:48.8 1.07:48.7 1.05:48.7 1.04:48.6 1.03:48.6 1.02:48.6 1.02:48.6 1.01:48.6 1.01:48.6 1.01:48.6 1.01:48.6 1.01:48.6 1.01:48.6 1.00:48.6 1.00:48.6 1.00:48.6 1.00:48.6
  curve dstate  7.85:50.8 7.60:50.9 7.33:50.8 7.06:50.7 6.73:50.8 6.44:50.9 6.12:50.8 5.84:51.0 5.56:50.9 5.27:50.8 4.97:50.7 4.69:50.7 4.43:50.7 4.20:50.7 3.98:50.7 3.74:50.7 3.48:50.8 3.18:50.8 2.88:50.8 2.56:50.8 2.29:50.8 2.06:50.8 1.80:50.1 1.48:48.9 1.17:48.6
  curve dent    7.56:50.8 7.03:50.8 6.80:50.7 6.62:50.8 6.47:50.8 6.27:50.7 6.03:50.8 5.74:50.8 5.40:50.8 5.04:50.8 4.75:50.7 4.48:50.8 4.28:50.8 4.12:50.8 4.00:50.8 3.89:50.8 3.78:50.8 3.64:50.8 3.49:50.9 3.31:50.9 3.09:50.9 2.86:50.9 2.64:50.8 2.41:50.8 2.14:50.8
saved figure -> results/bakeoff_rule_s9.png
