task=reachp | device=cpu | params=0.22M | seed=4
== loaded checkpoint results/ckpt_reachp_s4.pt (skip training; eval batches are fresh draws) ==
== eval (N=12000, T=10) | no-halt acc 34.7% @ 10 steps ==
== fixed-depth frontier (compute-matched control) ==
  fixed t= 1 | acc  18.9%
  fixed t= 2 | acc  23.7%
  fixed t= 3 | acc  27.4%
  fixed t= 4 | acc  30.6%
  fixed t= 5 | acc  32.5%
  fixed t= 6 | acc  33.6%
  fixed t= 7 | acc  34.1%
  fixed t= 8 | acc  34.4%
  fixed t= 9 | acc  34.6%
  fixed t=10 | acc  34.7%
== signal arms (tau on held-out calib; shuf_g/shuf_b = global/within-block nulls) ==
  signal        tau    acc  steps  shuf_g  shuf_b    corr  er/pm/wa/fd  pm|halt  tau_ok
  ent        0.0911  34.4%   9.74   34.3%   34.4%  -0.302  0.03/0.00/0.01/0.96     0.06  y
  recon     15.5484  31.1%   8.33   31.7%   31.7%  -0.185  0.04/0.04/0.10/0.81     0.23  FALLBACK
  rnorm    -57.2116  31.4%   8.47   32.0%   32.0%  -0.101  0.04/0.04/0.09/0.83     0.23  FALLBACK
  dstate     2.5181  33.4%   5.96   32.7%   32.4%  +0.025  0.30/0.03/0.58/0.08     0.04  y
  dent       0.0026  33.9%   8.93   34.0%   34.1%  -0.068  0.10/0.01/0.14/0.75     0.06  y
== tau-sweep on eval per signal (steps:acc%) — read matched-compute comparisons (PROJECT.md §7 kill criterion) off these curves, not the single points ==
  curve ent     9.74:34.4 8.41:32.2 6.94:28.4 6.01:26.4 5.18:24.8 4.82:24.3 4.59:24.1 4.36:23.9 4.14:23.6 3.93:23.6 3.71:23.5 3.51:23.3 3.31:23.1 3.11:22.9 2.89:22.5 2.66:22.3 2.45:21.9 2.22:21.4 2.01:21.0 1.78:20.5 1.58:20.0 1.39:19.6 1.25:19.4 1.12:19.2 1.03:19.0
  curve recon   8.33:31.1 6.80:28.1 6.15:26.9 5.68:26.2 5.22:25.4 4.78:24.7 4.41:24.3 4.00:23.6 3.44:22.9 2.94:22.2 2.46:21.3 1.95:20.5 1.51:20.0 1.28:19.6 1.16:19.3 1.07:19.0 1.03:18.9 1.01:18.9 1.00:18.9 1.00:18.9 1.00:18.9 1.00:18.9 1.00:18.9 1.00:18.9 1.00:18.9
  curve rnorm   8.47:31.4 7.57:29.7 7.06:29.1 6.60:28.4 6.14:27.7 5.60:27.1 5.00:26.3 4.38:25.7 3.74:24.6 3.21:23.6 2.74:22.7 2.37:22.2 2.07:21.7 1.87:21.3 1.68:21.0 1.53:20.7 1.44:20.5 1.35:20.2 1.28:20.0 1.22:19.7 1.17:19.4 1.14:19.3 1.10:19.2 1.07:19.1 1.02:19.0
  curve dstate  9.82:34.6 9.48:34.6 9.14:34.6 8.82:34.5 8.49:34.3 8.19:34.2 7.89:34.1 7.60:34.0 7.30:34.0 6.97:33.9 6.66:33.8 6.31:33.7 5.96:33.4 5.57:33.2 5.21:33.0 4.80:32.5 4.40:31.7 4.01:30.9 3.60:29.8 3.20:28.6 2.80:27.1 2.41:26.0 2.00:24.8 1.56:22.5 1.17:20.1
  curve dent    9.57:34.4 8.93:33.9 8.36:33.6 7.86:33.2 7.35:32.8 6.90:32.2 6.44:31.8 6.05:31.3 5.68:30.9 5.35:30.7 5.03:30.2 4.76:29.9 4.48:29.4 4.26:29.2 4.06:28.8 3.86:28.3 3.65:28.0 3.48:27.7 3.30:27.3 3.12:26.9 2.95:26.7 2.78:26.3 2.60:25.9 2.34:25.0 2.13:24.1
saved figure -> results/bakeoff_reachp_s4.png
