task=rule | device=cpu | params=0.22M | seed=0
== loaded checkpoint results/ckpt_rule_s0.pt (skip training; eval batches are fresh draws) ==
== eval (N=10000, T=8) | no-halt acc 50.3% @ 8 steps ==
== fixed-depth frontier (compute-matched control) ==
  fixed t= 1 | acc  47.8%
  fixed t= 2 | acc  50.5%
  fixed t= 3 | acc  50.6%
  fixed t= 4 | acc  50.6%
  fixed t= 5 | acc  50.5%
  fixed t= 6 | acc  50.3%
  fixed t= 7 | acc  50.3%
  fixed t= 8 | acc  50.3%
== signal arms (tau on held-out calib; shuf_g/shuf_b = global/within-block nulls) ==
  signal        tau    acc  steps  shuf_g  shuf_b    corr  er/pm/wa/fd  pm|halt  tau_ok
  ent        2.6340  50.0%   2.56   49.2%   49.1%  -0.966  0.49/0.03/0.32/0.16     0.03  y
  recon     85.8392  50.0%   2.71   49.2%   49.1%  -0.693  0.48/0.02/0.43/0.06     0.03  y
  rnorm     -8.2655  50.0%   4.77   49.2%   49.2%  -0.637  0.38/0.01/0.07/0.54     0.02  y
  dstate    27.3045  50.5%   2.06   50.5%   50.5%  +0.626  0.50/0.03/0.46/0.00     0.03  y
  dent       0.3319  50.5%   2.14   50.5%   50.5%  -0.113  0.50/0.03/0.46/0.00     0.03  y
== tau-sweep on eval per signal (steps:acc%) — read matched-compute comparisons (PROJECT.md §7 kill criterion) off these curves, not the single points ==
  curve ent     7.75:50.3 7.36:50.3 7.09:50.3 6.84:50.3 6.59:50.3 6.34:50.3 6.09:50.3 5.84:50.3 5.59:50.3 5.33:50.3 5.10:50.3 4.92:50.3 4.63:50.5 4.36:50.7 4.04:50.7 3.73:50.6 3.43:50.6 3.15:50.5 2.88:50.3 2.56:50.0 2.27:49.6 1.95:49.0 1.57:48.6 1.30:48.2 1.13:48.0
  curve recon   6.85:50.3 5.58:50.3 5.39:50.3 5.21:50.2 5.05:50.1 4.86:50.2 4.69:50.1 4.51:50.1 4.31:50.2 4.12:50.1 3.92:50.0 3.71:50.0 3.52:50.0 3.32:50.0 3.12:50.1 2.91:50.0 2.71:50.0 2.49:49.9 2.30:49.8 2.09:49.9 1.88:49.6 1.68:49.5 1.46:48.9 1.27:48.7 1.10:48.2
  curve rnorm   6.85:50.3 4.77:50.0 3.38:49.4 2.48:49.1 1.83:48.6 1.42:48.1 1.18:47.9 1.09:47.9 1.06:47.9 1.04:47.8 1.02:47.8 1.02:47.8 1.01:47.8 1.01:47.8 1.01:47.8 1.01:47.8 1.01:47.8 1.01:47.8 1.00:47.8 1.00:47.8 1.00:47.8 1.00:47.8 1.00:47.8 1.00:47.8 1.00:47.8
  curve dstate  7.86:50.4 7.56:50.6 7.26:50.5 6.96:50.6 6.66:50.5 6.34:50.6 6.06:50.7 5.77:50.6 5.46:50.6 5.15:50.4 4.82:50.5 4.50:50.5 4.27:50.6 4.04:50.6 3.83:50.6 3.60:50.7 3.35:50.6 3.09:50.5 2.81:50.5 2.53:50.5 2.27:50.5 2.06:50.5 1.80:49.6 1.48:48.4 1.16:47.8
  curve dent    7.55:50.3 7.06:50.3 6.86:50.4 6.70:50.4 6.53:50.4 6.30:50.5 6.06:50.6 5.72:50.6 5.40:50.6 5.08:50.5 4.81:50.5 4.58:50.6 4.40:50.6 4.26:50.5 4.12:50.5 3.99:50.5 3.87:50.5 3.71:50.5 3.54:50.4 3.33:50.5 3.08:50.5 2.85:50.5 2.63:50.4 2.39:50.5 2.14:50.5
saved figure -> results/bakeoff_rule_s0.png
