task=rule | device=cpu | params=0.22M | seed=5
== loaded checkpoint results/ckpt_rule_s5.pt (skip training; eval batches are fresh draws) ==
== eval (N=10000, T=8) | no-halt acc 51.2% @ 8 steps ==
== fixed-depth frontier (compute-matched control) ==
  fixed t= 1 | acc  48.6%
  fixed t= 2 | acc  50.9%
  fixed t= 3 | acc  51.1%
  fixed t= 4 | acc  50.9%
  fixed t= 5 | acc  51.0%
  fixed t= 6 | acc  50.9%
  fixed t= 7 | acc  51.0%
  fixed t= 8 | acc  51.2%
== signal arms (tau on held-out calib; shuf_g/shuf_b = global/within-block nulls) ==
  signal        tau    acc  steps  shuf_g  shuf_b    corr  er/pm/wa/fd  pm|halt  tau_ok
  ent        2.6958  50.3%   2.23   49.8%   49.6%  -0.963  0.49/0.03/0.35/0.12     0.03  y
  recon     93.0716  49.8%   2.03   49.4%   49.4%  -0.761  0.49/0.03/0.41/0.07     0.04  y
  rnorm     -5.6933  50.5%   3.60   49.6%   49.6%  -0.642  0.45/0.02/0.17/0.37     0.03  y
  dstate    64.2914  50.0%   1.79   50.4%   50.4%  +0.633  0.50/0.04/0.46/0.00     0.04  y
  dent       0.3367  51.0%   2.13   50.9%   50.9%  -0.067  0.51/0.03/0.46/-0.00     0.03  y
== tau-sweep on eval per signal (steps:acc%) — read matched-compute comparisons (PROJECT.md §7 kill criterion) off these curves, not the single points ==
  curve ent     7.76:51.2 7.41:51.2 7.12:51.2 6.88:51.2 6.66:51.2 6.39:51.2 6.10:51.2 5.82:51.2 5.53:51.2 5.25:51.2 4.98:51.2 4.74:51.1 4.50:51.2 4.24:51.1 3.97:51.2 3.68:51.2 3.37:51.1 3.08:51.1 2.78:50.9 2.51:50.6 2.23:50.3 1.94:49.8 1.52:49.2 1.26:49.0 1.10:48.7
  curve recon   6.92:51.2 5.45:51.2 4.74:50.8 4.15:50.6 3.81:50.6 3.53:50.4 3.30:50.3 3.11:50.2 2.92:50.2 2.76:50.2 2.62:50.3 2.48:50.2 2.37:50.1 2.25:50.0 2.14:49.9 2.03:49.8 1.92:49.8 1.82:49.7 1.71:49.8 1.60:49.6 1.50:49.5 1.38:49.4 1.27:49.2 1.17:49.0 1.07:48.8
  curve rnorm   6.92:51.2 4.81:50.7 3.60:50.5 2.65:50.1 1.95:49.6 1.50:49.2 1.31:49.0 1.21:48.9 1.14:48.8 1.10:48.8 1.07:48.8 1.06:48.8 1.04:48.8 1.03:48.7 1.03:48.7 1.02:48.7 1.02:48.7 1.02:48.7 1.01:48.7 1.01:48.7 1.01:48.7 1.01:48.6 1.01:48.6 1.00:48.6 1.00:48.6
  curve dstate  7.88:51.1 7.63:51.1 7.32:51.1 7.00:51.2 6.70:51.1 6.39:51.1 6.09:51.2 5.80:51.0 5.51:51.0 5.22:51.0 4.90:51.0 4.59:51.0 4.30:51.0 4.04:51.0 3.79:50.9 3.55:51.0 3.32:51.0 3.08:50.9 2.81:50.9 2.51:50.9 2.23:50.9 2.04:50.9 1.79:50.0 1.48:49.0 1.16:48.6
  curve dent    7.63:51.1 7.17:51.1 6.94:51.1 6.75:51.1 6.60:51.1 6.40:51.1 6.13:51.1 5.76:51.1 5.41:51.1 5.05:51.1 4.77:51.0 4.51:51.0 4.32:50.9 4.17:50.9 4.03:50.9 3.92:50.9 3.80:50.9 3.68:51.0 3.53:51.0 3.33:51.0 3.12:50.9 2.87:50.8 2.63:51.0 2.39:51.0 2.13:51.0
saved figure -> results/bakeoff_rule_s5.png
