task=reachp | device=cpu | params=0.22M | seed=9
== loaded checkpoint results/ckpt_reachp_s9.pt (skip training; eval batches are fresh draws) ==
== eval (N=12000, T=10) | no-halt acc 35.8% @ 10 steps ==
== fixed-depth frontier (compute-matched control) ==
  fixed t= 1 | acc  19.6%
  fixed t= 2 | acc  23.5%
  fixed t= 3 | acc  27.8%
  fixed t= 4 | acc  31.2%
  fixed t= 5 | acc  33.5%
  fixed t= 6 | acc  34.5%
  fixed t= 7 | acc  35.0%
  fixed t= 8 | acc  35.4%
  fixed t= 9 | acc  35.6%
  fixed t=10 | acc  35.8%
== signal arms (tau on held-out calib; shuf_g/shuf_b = global/within-block nulls) ==
  signal        tau    acc  steps  shuf_g  shuf_b    corr  er/pm/wa/fd  pm|halt  tau_ok
  ent        0.0873  35.8%   9.77   35.6%   35.6%  -0.313  0.04/0.00/0.00/0.96     0.02  y
  recon     14.6466  32.8%   8.41   33.0%   32.9%  -0.172  0.04/0.04/0.10/0.82     0.21  FALLBACK
  rnorm    -54.2939  33.0%   8.52   33.2%   33.2%  -0.079  0.04/0.04/0.09/0.83     0.20  FALLBACK
  dstate     1.8576  34.7%   6.62   34.1%   34.0%  +0.004  0.26/0.03/0.53/0.17     0.03  y
  dent       0.0012  35.2%   9.50   35.4%   35.4%  -0.069  0.06/0.01/0.06/0.87     0.06  y
== tau-sweep on eval per signal (steps:acc%) — read matched-compute comparisons (PROJECT.md §7 kill criterion) off these curves, not the single points ==
  curve ent     9.77:35.8 8.61:33.5 7.11:29.9 6.06:27.5 5.37:25.8 4.94:25.5 4.69:25.2 4.47:25.1 4.26:25.0 4.05:24.8 3.84:24.6 3.65:24.4 3.45:24.2 3.23:24.1 3.02:23.7 2.82:23.3 2.59:23.0 2.38:22.6 2.14:22.1 1.92:21.7 1.70:21.3 1.50:20.7 1.32:20.3 1.16:20.0 1.05:19.8
  curve recon   8.41:32.8 6.79:29.1 6.19:27.9 5.68:27.2 5.22:26.6 4.77:25.8 4.35:25.1 3.97:24.3 3.61:23.9 3.21:23.3 2.80:22.6 2.32:21.7 1.95:21.1 1.69:20.7 1.50:20.4 1.31:20.3 1.20:20.1 1.13:20.0 1.06:19.8 1.02:19.6 1.01:19.6 1.00:19.6 1.00:19.6 1.00:19.6 1.00:19.6
  curve rnorm   8.52:33.0 7.67:31.4 7.10:30.5 6.61:29.7 6.10:28.7 5.52:28.0 4.87:26.9 4.18:25.8 3.54:24.7 2.97:23.9 2.51:23.0 2.15:22.5 1.86:21.9 1.67:21.4 1.50:21.1 1.39:20.8 1.28:20.6 1.19:20.2 1.12:19.9 1.07:19.8 1.04:19.6 1.03:19.6 1.03:19.6 1.03:19.6 1.02:19.6
  curve dstate  9.84:35.7 9.52:35.8 9.21:35.7 8.91:35.6 8.59:35.5 8.27:35.3 7.95:35.2 7.62:35.1 7.27:34.9 6.95:34.7 6.62:34.7 6.26:34.5 5.90:34.2 5.55:34.1 5.18:34.0 4.80:33.3 4.39:32.6 3.99:31.7 3.58:30.8 3.20:29.5 2.80:27.5 2.42:25.9 1.99:24.7 1.56:22.6 1.16:20.5
  curve dent    9.50:35.2 8.76:34.6 8.15:34.1 7.61:33.4 7.09:32.8 6.62:32.4 6.22:32.1 5.84:31.5 5.49:31.0 5.19:30.7 4.92:30.2 4.65:29.8 4.40:29.6 4.17:29.2 3.96:29.0 3.75:28.6 3.57:28.3 3.40:28.0 3.24:27.6 3.08:27.3 2.92:26.8 2.75:26.2 2.55:25.6 2.33:24.7 2.13:23.8
saved figure -> results/bakeoff_reachp_s9.png
