task=reachp | device=cpu | params=0.22M | seed=8
== loaded checkpoint results/ckpt_reachp_s8.pt (skip training; eval batches are fresh draws) ==
== eval (N=12000, T=10) | no-halt acc 34.7% @ 10 steps ==
== fixed-depth frontier (compute-matched control) ==
  fixed t= 1 | acc  19.3%
  fixed t= 2 | acc  23.9%
  fixed t= 3 | acc  28.3%
  fixed t= 4 | acc  31.0%
  fixed t= 5 | acc  33.2%
  fixed t= 6 | acc  34.1%
  fixed t= 7 | acc  34.3%
  fixed t= 8 | acc  34.4%
  fixed t= 9 | acc  34.6%
  fixed t=10 | acc  34.7%
== signal arms (tau on held-out calib; shuf_g/shuf_b = global/within-block nulls) ==
  signal        tau    acc  steps  shuf_g  shuf_b    corr  er/pm/wa/fd  pm|halt  tau_ok
  ent        0.0964  34.2%   9.50   34.1%   34.0%  -0.308  0.04/0.01/0.02/0.93     0.09  y
  recon     15.6548  31.5%   8.34   31.9%   31.9%  -0.177  0.04/0.04/0.11/0.81     0.21  FALLBACK
  rnorm    -58.7817  31.7%   8.49   32.3%   32.2%  -0.089  0.04/0.04/0.10/0.83     0.21  FALLBACK
  dstate     2.4993  33.6%   5.87   33.0%   33.0%  +0.015  0.29/0.03/0.60/0.08     0.04  y
  dent       0.0011  34.4%   9.49   34.4%   34.4%  -0.075  0.06/0.01/0.05/0.88     0.05  y
== tau-sweep on eval per signal (steps:acc%) — read matched-compute comparisons (PROJECT.md §7 kill criterion) off these curves, not the single points ==
  curve ent     9.50:34.2 8.04:31.4 6.68:28.4 5.86:26.5 5.23:25.3 4.91:24.9 4.72:24.7 4.51:24.5 4.30:24.4 4.10:24.3 3.89:24.1 3.69:24.1 3.49:24.0 3.30:23.8 3.10:23.6 2.92:23.4 2.74:23.1 2.55:22.8 2.34:22.4 2.15:21.8 1.93:21.3 1.71:20.7 1.49:20.3 1.25:19.9 1.08:19.5
  curve recon   8.34:31.5 6.75:28.6 6.15:27.5 5.64:26.7 5.20:25.9 4.76:25.5 4.35:24.8 3.96:24.2 3.49:23.4 2.92:22.5 2.42:21.8 1.88:20.8 1.50:20.2 1.27:19.9 1.13:19.7 1.04:19.4 1.01:19.4 1.00:19.3 1.00:19.3 1.00:19.3 1.00:19.3 1.00:19.3 1.00:19.3 1.00:19.3 1.00:19.3
  curve rnorm   8.49:31.7 7.59:30.2 7.07:29.5 6.62:29.0 6.21:28.5 5.81:27.9 5.35:27.3 4.85:26.6 4.33:25.8 3.79:25.2 3.29:24.6 2.89:23.9 2.55:23.3 2.26:22.7 2.03:22.2 1.87:21.8 1.72:21.4 1.59:21.1 1.49:20.7 1.40:20.4 1.33:20.1 1.27:20.0 1.20:19.8 1.12:19.5 1.05:19.3
  curve dstate  9.84:34.6 9.49:34.7 9.13:34.5 8.81:34.6 8.44:34.5 8.10:34.3 7.76:34.3 7.45:34.2 7.14:34.0 6.83:34.1 6.50:34.0 6.19:33.8 5.87:33.6 5.52:33.4 5.15:33.0 4.78:32.7 4.41:32.4 4.03:31.8 3.62:30.7 3.21:29.6 2.81:27.8 2.41:26.1 2.00:24.6 1.57:22.4 1.17:20.4
  curve dent    9.49:34.4 8.74:33.8 8.10:33.3 7.45:32.7 6.84:32.3 6.37:31.9 5.92:31.5 5.53:31.0 5.19:30.7 4.91:30.5 4.64:30.2 4.39:29.9 4.16:29.5 3.96:29.2 3.77:28.9 3.62:28.6 3.47:28.3 3.32:28.1 3.19:27.8 3.05:27.6 2.90:27.3 2.75:26.7 2.57:26.2 2.34:25.2 2.14:24.5
saved figure -> results/bakeoff_reachp_s8.png
