task=rule | device=cpu | params=0.22M | seed=7
== loaded checkpoint results/ckpt_rule_s7.pt (skip training; eval batches are fresh draws) ==
== eval (N=10000, T=8) | no-halt acc 50.3% @ 8 steps ==
== fixed-depth frontier (compute-matched control) ==
  fixed t= 1 | acc  48.3%
  fixed t= 2 | acc  50.5%
  fixed t= 3 | acc  50.7%
  fixed t= 4 | acc  50.5%
  fixed t= 5 | acc  50.6%
  fixed t= 6 | acc  50.6%
  fixed t= 7 | acc  50.6%
  fixed t= 8 | acc  50.3%
== signal arms (tau on held-out calib; shuf_g/shuf_b = global/within-block nulls) ==
  signal        tau    acc  steps  shuf_g  shuf_b    corr  er/pm/wa/fd  pm|halt  tau_ok
  ent        2.6918  49.7%   2.21   49.3%   49.2%  -0.968  0.49/0.03/0.36/0.12     0.03  y
  recon    101.2180  50.0%   3.14   49.2%   49.2%  -0.783  0.45/0.02/0.29/0.24     0.02  y
  rnorm     -4.6384  49.5%   2.57   48.9%   48.8%  -0.648  0.47/0.03/0.29/0.21     0.03  y
  dstate    67.1787  49.8%   1.79   49.9%   50.0%  +0.644  0.50/0.03/0.47/0.00     0.03  y
  dent       0.3238  50.5%   2.14   50.5%   50.5%  -0.131  0.50/0.03/0.47/-0.00     0.03  y
== tau-sweep on eval per signal (steps:acc%) — read matched-compute comparisons (PROJECT.md §7 kill criterion) off these curves, not the single points ==
  curve ent     7.75:50.3 7.34:50.3 7.06:50.3 6.81:50.3 6.57:50.3 6.34:50.3 6.10:50.3 5.84:50.3 5.60:50.3 5.33:50.3 5.06:50.3 4.83:50.4 4.59:50.5 4.28:50.4 3.95:50.5 3.67:50.6 3.36:50.4 3.06:50.4 2.77:50.4 2.47:50.1 2.21:49.7 1.88:49.3 1.52:48.8 1.24:48.5 1.09:48.4
  curve recon   6.85:50.3 5.49:50.3 5.03:50.3 4.66:50.2 4.36:50.1 4.11:50.0 3.89:50.1 3.69:50.0 3.50:50.1 3.33:50.0 3.14:50.0 3.00:50.0 2.85:50.0 2.69:49.9 2.54:49.7 2.41:49.7 2.28:49.6 2.14:49.6 2.02:49.6 1.88:49.6 1.74:49.5 1.59:49.3 1.44:49.2 1.29:49.0 1.11:48.6
  curve rnorm   6.86:50.3 4.82:50.3 3.56:49.8 2.57:49.5 1.91:49.1 1.51:48.8 1.31:48.6 1.20:48.5 1.13:48.5 1.10:48.5 1.07:48.4 1.05:48.4 1.04:48.4 1.04:48.4 1.03:48.4 1.03:48.4 1.02:48.3 1.02:48.3 1.02:48.3 1.01:48.3 1.01:48.3 1.01:48.3 1.00:48.3 1.00:48.3 1.00:48.3
  curve dstate  7.88:50.3 7.59:50.5 7.30:50.5 7.00:50.5 6.69:50.6 6.37:50.6 6.05:50.5 5.77:50.5 5.48:50.5 5.19:50.5 4.88:50.7 4.60:50.7 4.35:50.7 4.14:50.7 3.94:50.7 3.71:50.5 3.42:50.4 3.13:50.4 2.81:50.4 2.52:50.5 2.25:50.5 2.06:50.5 1.79:49.8 1.48:48.7 1.16:48.3
  curve dent    7.57:50.3 7.04:50.3 6.80:50.3 6.64:50.4 6.50:50.4 6.34:50.4 6.10:50.4 5.81:50.4 5.48:50.4 5.15:50.3 4.81:50.3 4.56:50.3 4.34:50.3 4.18:50.3 4.04:50.4 3.90:50.4 3.79:50.5 3.66:50.5 3.51:50.6 3.34:50.6 3.12:50.6 2.88:50.6 2.64:50.6 2.40:50.5 2.14:50.5
saved figure -> results/bakeoff_rule_s7.png
