task=rule | device=cpu | params=0.22M | seed=3
== loaded checkpoint results/ckpt_rule_s3.pt (skip training; eval batches are fresh draws) ==
== eval (N=10000, T=8) | no-halt acc 51.6% @ 8 steps ==
== fixed-depth frontier (compute-matched control) ==
  fixed t= 1 | acc  48.7%
  fixed t= 2 | acc  51.6%
  fixed t= 3 | acc  51.7%
  fixed t= 4 | acc  51.8%
  fixed t= 5 | acc  51.7%
  fixed t= 6 | acc  51.6%
  fixed t= 7 | acc  51.6%
  fixed t= 8 | acc  51.6%
== signal arms (tau on held-out calib; shuf_g/shuf_b = global/within-block nulls) ==
  signal        tau    acc  steps  shuf_g  shuf_b    corr  er/pm/wa/fd  pm|halt  tau_ok
  ent        2.6424  51.3%   2.46   50.2%   50.2%  -0.967  0.50/0.03/0.32/0.15     0.03  y
  recon    110.3050  50.2%   2.41   49.8%   49.8%  -0.791  0.48/0.03/0.37/0.12     0.03  y
  rnorm     -7.9099  51.4%   4.78   50.2%   50.4%  -0.648  0.40/0.01/0.05/0.54     0.01  y
  dstate    69.3683  50.4%   1.79   51.0%   51.1%  +0.637  0.50/0.04/0.45/0.00     0.04  y
  dent       0.3284  51.7%   2.15   51.6%   51.6%  -0.125  0.52/0.03/0.45/-0.00     0.03  y
== tau-sweep on eval per signal (steps:acc%) — read matched-compute comparisons (PROJECT.md §7 kill criterion) off these curves, not the single points ==
  curve ent     7.71:51.6 7.38:51.6 7.12:51.6 6.90:51.6 6.64:51.6 6.39:51.6 6.10:51.6 5.82:51.6 5.56:51.6 5.29:51.6 5.04:51.6 4.79:51.6 4.52:51.6 4.20:51.7 3.93:51.7 3.64:51.8 3.32:51.8 3.05:51.8 2.74:51.5 2.46:51.3 2.17:50.8 1.88:50.1 1.54:49.7 1.27:49.3 1.11:48.9
  curve recon   6.87:51.6 5.49:51.6 5.01:51.5 4.52:51.2 4.20:51.2 3.92:51.1 3.70:50.9 3.51:50.7 3.32:50.6 3.12:50.4 2.96:50.4 2.81:50.3 2.67:50.3 2.53:50.2 2.41:50.2 2.28:50.2 2.16:50.3 2.05:50.2 1.92:50.1 1.78:50.1 1.66:50.1 1.52:49.9 1.38:49.7 1.25:49.5 1.09:49.1
  curve rnorm   6.86:51.6 4.78:51.4 3.33:50.7 2.32:50.2 1.66:49.4 1.28:49.1 1.11:49.0 1.06:48.8 1.03:48.8 1.02:48.8 1.02:48.8 1.01:48.8 1.01:48.8 1.01:48.8 1.01:48.8 1.00:48.8 1.00:48.8 1.00:48.7 1.00:48.7 1.00:48.7 1.00:48.7 1.00:48.7 1.00:48.7 1.00:48.7 1.00:48.7
  curve dstate  7.87:51.5 7.57:51.5 7.30:51.7 6.99:51.8 6.71:51.8 6.40:51.8 6.12:51.9 5.82:51.8 5.52:51.9 5.22:51.8 4.91:51.7 4.62:51.7 4.36:51.7 4.14:51.7 3.93:51.7 3.70:51.7 3.43:51.7 3.15:51.7 2.85:51.6 2.53:51.6 2.26:51.6 2.06:51.6 1.79:50.4 1.48:49.1 1.17:48.7
  curve dent    7.63:51.6 7.19:51.6 6.94:51.6 6.76:51.6 6.58:51.5 6.38:51.5 6.11:51.5 5.82:51.6 5.47:51.6 5.15:51.6 4.86:51.5 4.63:51.4 4.43:51.4 4.26:51.4 4.11:51.4 3.98:51.4 3.85:51.4 3.71:51.5 3.55:51.5 3.35:51.6 3.12:51.7 2.87:51.6 2.64:51.7 2.39:51.7 2.15:51.7
saved figure -> results/bakeoff_rule_s3.png
