task=reachp | device=cpu | params=0.22M | seed=3
== loaded checkpoint results/ckpt_reachp_s3.pt (skip training; eval batches are fresh draws) ==
== eval (N=12000, T=10) | no-halt acc 34.2% @ 10 steps ==
== fixed-depth frontier (compute-matched control) ==
  fixed t= 1 | acc  19.6%
  fixed t= 2 | acc  23.9%
  fixed t= 3 | acc  28.0%
  fixed t= 4 | acc  31.0%
  fixed t= 5 | acc  32.4%
  fixed t= 6 | acc  33.4%
  fixed t= 7 | acc  33.6%
  fixed t= 8 | acc  33.9%
  fixed t= 9 | acc  34.2%
  fixed t=10 | acc  34.2%
== signal arms (tau on held-out calib; shuf_g/shuf_b = global/within-block nulls) ==
  signal        tau    acc  steps  shuf_g  shuf_b    corr  er/pm/wa/fd  pm|halt  tau_ok
  ent        0.0927  34.2%   9.82   34.1%   34.1%  -0.313  0.03/0.00/0.00/0.97     0.00  y
  recon     16.0924  31.0%   8.36   31.5%   31.6%  -0.190  0.04/0.04/0.10/0.82     0.22  FALLBACK
  rnorm    -59.7156  31.4%   8.51   31.9%   32.0%  -0.111  0.04/0.04/0.09/0.83     0.21  FALLBACK
  dstate     3.3578  33.0%   5.47   32.1%   32.2%  +0.032  0.31/0.04/0.61/0.04     0.04  y
  dent       0.0029  33.6%   8.87   33.7%   33.6%  -0.054  0.11/0.01/0.15/0.73     0.05  y
== tau-sweep on eval per signal (steps:acc%) — read matched-compute comparisons (PROJECT.md §7 kill criterion) off these curves, not the single points ==
  curve ent     9.82:34.2 8.75:32.5 7.11:29.0 5.91:26.3 5.17:24.9 4.86:24.4 4.63:24.3 4.42:24.2 4.20:24.1 3.99:24.0 3.77:23.8 3.56:23.7 3.35:23.5 3.12:23.3 2.89:23.1 2.68:22.8 2.45:22.4 2.26:22.1 2.06:21.8 1.86:21.4 1.66:21.2 1.49:20.9 1.33:20.3 1.17:20.1 1.04:19.8
  curve recon   8.36:31.0 6.98:28.4 6.42:27.5 5.95:26.8 5.50:26.1 5.09:25.6 4.70:25.1 4.33:24.7 4.00:24.2 3.66:23.7 3.34:23.3 3.06:23.0 2.76:22.6 2.40:22.1 2.05:21.5 1.66:21.1 1.43:20.6 1.26:20.3 1.08:20.0 1.01:19.8 1.01:19.7 1.00:19.7 1.00:19.6 1.00:19.6 1.00:19.6
  curve rnorm   8.51:31.4 7.61:29.8 7.09:29.1 6.59:28.5 6.15:27.9 5.59:27.3 4.95:26.4 4.28:25.5 3.63:24.8 3.05:23.9 2.61:23.3 2.26:22.8 1.99:22.3 1.80:21.7 1.66:21.3 1.54:21.0 1.44:20.6 1.35:20.3 1.27:20.1 1.20:19.9 1.14:19.8 1.10:19.7 1.08:19.7 1.06:19.7 1.02:19.7
  curve dstate  9.75:34.2 9.34:34.2 8.97:34.1 8.63:34.0 8.32:34.0 8.02:34.0 7.73:33.9 7.43:33.9 7.13:33.7 6.82:33.7 6.52:33.6 6.17:33.3 5.82:33.3 5.47:33.0 5.10:32.6 4.72:32.0 4.33:31.6 3.94:31.0 3.55:30.2 3.15:28.9 2.75:27.2 2.37:25.8 1.97:24.6 1.53:22.8 1.15:20.7
  curve dent    9.56:34.0 8.87:33.6 8.32:33.2 7.80:32.6 7.27:32.1 6.80:31.7 6.39:31.2 5.96:30.8 5.60:30.3 5.28:29.8 4.96:29.6 4.67:29.3 4.43:28.9 4.19:28.6 3.95:28.3 3.76:28.1 3.57:27.9 3.41:27.6 3.25:27.6 3.10:27.3 2.94:27.1 2.77:26.6 2.58:26.1 2.33:25.0 2.13:24.1
saved figure -> results/bakeoff_reachp_s3.png
