task=rule | device=cpu | params=0.22M | seed=1
== loaded checkpoint results/ckpt_rule_s1.pt (skip training; eval batches are fresh draws) ==
== eval (N=10000, T=8) | no-halt acc 51.3% @ 8 steps ==
== fixed-depth frontier (compute-matched control) ==
  fixed t= 1 | acc  50.0%
  fixed t= 2 | acc  51.6%
  fixed t= 3 | acc  51.5%
  fixed t= 4 | acc  51.5%
  fixed t= 5 | acc  51.4%
  fixed t= 6 | acc  51.4%
  fixed t= 7 | acc  51.5%
  fixed t= 8 | acc  51.3%
== signal arms (tau on held-out calib; shuf_g/shuf_b = global/within-block nulls) ==
  signal        tau    acc  steps  shuf_g  shuf_b    corr  er/pm/wa/fd  pm|halt  tau_ok
  ent        2.6929  51.1%   2.19   50.8%   50.6%  -0.975  0.50/0.03/0.34/0.12     0.03  y
  recon    113.3595  51.2%   3.33   50.6%   50.6%  -0.804  0.47/0.01/0.28/0.25     0.02  y
  rnorm     -4.9254  50.7%   2.52   50.5%   50.3%  -0.647  0.49/0.03/0.28/0.20     0.03  y
  dstate    31.8116  51.6%   2.06   51.6%   51.6%  +0.645  0.52/0.03/0.45/-0.00     0.03  y
  dent       0.3381  51.6%   2.14   51.6%   51.6%  -0.265  0.52/0.03/0.46/0.00     0.03  y
== tau-sweep on eval per signal (steps:acc%) — read matched-compute comparisons (PROJECT.md §7 kill criterion) off these curves, not the single points ==
  curve ent     7.73:51.3 7.40:51.3 7.13:51.3 6.85:51.3 6.55:51.3 6.27:51.3 6.01:51.3 5.72:51.3 5.46:51.3 5.17:51.3 4.93:51.3 4.70:51.3 4.43:51.2 4.17:51.2 3.89:51.3 3.64:51.3 3.35:51.2 3.06:51.3 2.77:51.3 2.47:51.3 2.19:51.1 1.90:50.7 1.48:50.3 1.22:50.2 1.09:50.0
  curve recon   6.82:51.3 5.33:51.3 4.96:51.3 4.70:51.3 4.49:51.3 4.29:51.3 4.08:51.3 3.89:51.2 3.70:51.1 3.51:51.2 3.33:51.2 3.14:51.2 2.97:51.2 2.80:51.2 2.63:51.1 2.48:51.0 2.33:51.0 2.17:51.1 2.03:51.0 1.89:50.9 1.73:50.9 1.57:50.8 1.42:50.7 1.26:50.5 1.09:50.3
  curve rnorm   6.83:51.3 4.67:51.1 3.38:50.8 2.52:50.7 1.89:50.5 1.46:50.3 1.26:50.2 1.16:50.2 1.12:50.2 1.09:50.2 1.07:50.2 1.06:50.1 1.05:50.1 1.04:50.1 1.04:50.1 1.03:50.1 1.03:50.1 1.02:50.1 1.02:50.1 1.02:50.1 1.01:50.1 1.01:50.1 1.01:50.0 1.00:50.0 1.00:50.0
  curve dstate  7.89:51.3 7.65:51.3 7.37:51.3 7.10:51.2 6.83:51.3 6.55:51.3 6.26:51.4 5.97:51.4 5.68:51.4 5.38:51.5 5.05:51.5 4.70:51.5 4.41:51.5 4.18:51.5 3.95:51.4 3.71:51.4 3.44:51.6 3.16:51.6 2.85:51.6 2.53:51.6 2.25:51.6 2.06:51.6 1.81:51.0 1.48:50.3 1.17:50.0
  curve dent    7.68:51.3 7.23:51.3 6.96:51.3 6.78:51.2 6.60:51.3 6.39:51.3 6.12:51.3 5.79:51.3 5.45:51.3 5.16:51.4 4.89:51.4 4.65:51.4 4.47:51.4 4.31:51.4 4.17:51.5 4.05:51.4 3.92:51.4 3.75:51.5 3.57:51.5 3.34:51.5 3.10:51.4 2.87:51.4 2.63:51.5 2.39:51.6 2.14:51.6
saved figure -> results/bakeoff_rule_s1.png
