task=reachp | device=cpu | params=0.22M | seed=7
== loaded checkpoint results/ckpt_reachp_s7.pt (skip training; eval batches are fresh draws) ==
== eval (N=12000, T=10) | no-halt acc 34.5% @ 10 steps ==
== fixed-depth frontier (compute-matched control) ==
  fixed t= 1 | acc  18.5%
  fixed t= 2 | acc  22.7%
  fixed t= 3 | acc  27.0%
  fixed t= 4 | acc  30.4%
  fixed t= 5 | acc  32.1%
  fixed t= 6 | acc  33.2%
  fixed t= 7 | acc  33.7%
  fixed t= 8 | acc  33.9%
  fixed t= 9 | acc  34.4%
  fixed t=10 | acc  34.5%
== signal arms (tau on held-out calib; shuf_g/shuf_b = global/within-block nulls) ==
  signal        tau    acc  steps  shuf_g  shuf_b    corr  er/pm/wa/fd  pm|halt  tau_ok
  ent        0.0947  34.3%   9.78   34.2%   34.2%  -0.296  0.03/0.00/0.00/0.96     0.05  y
  recon     15.4508  31.3%   8.43   31.6%   31.8%  -0.165  0.04/0.04/0.10/0.82     0.22  FALLBACK
  rnorm    -58.2911  31.6%   8.53   32.0%   31.9%  -0.088  0.04/0.04/0.09/0.83     0.21  FALLBACK
  dstate     2.3328  33.4%   6.49   32.8%   32.7%  +0.015  0.27/0.03/0.53/0.17     0.04  y
  dent       0.0036  33.5%   8.81   33.5%   33.5%  -0.059  0.11/0.02/0.14/0.74     0.06  y
== tau-sweep on eval per signal (steps:acc%) — read matched-compute comparisons (PROJECT.md §7 kill criterion) off these curves, not the single points ==
  curve ent     9.78:34.3 8.53:32.1 6.91:28.5 5.94:26.6 5.21:25.0 4.87:24.5 4.63:24.3 4.42:24.3 4.20:24.2 3.98:24.0 3.75:23.9 3.54:23.7 3.35:23.5 3.13:23.3 2.93:23.0 2.73:22.7 2.53:22.4 2.34:22.0 2.11:21.5 1.87:20.9 1.67:20.3 1.48:20.0 1.31:19.4 1.16:19.0 1.04:18.7
  curve recon   8.43:31.3 6.94:28.5 6.31:27.6 5.84:27.0 5.40:26.3 4.96:25.7 4.56:25.0 4.22:24.5 3.91:24.0 3.61:23.4 3.32:23.0 3.03:22.4 2.72:21.8 2.33:21.2 1.91:20.2 1.62:19.8 1.39:19.4 1.26:19.0 1.16:18.8 1.09:18.6 1.03:18.5 1.01:18.5 1.00:18.5 1.00:18.5 1.00:18.5
  curve rnorm   8.53:31.6 7.72:30.1 7.18:29.5 6.66:28.8 6.16:28.0 5.64:27.3 5.03:26.4 4.47:25.7 3.85:24.8 3.24:23.7 2.73:22.8 2.27:21.9 1.92:21.1 1.69:20.5 1.52:20.0 1.38:19.7 1.28:19.4 1.19:19.3 1.14:19.1 1.09:18.9 1.06:18.8 1.04:18.6 1.03:18.6 1.02:18.5 1.01:18.5
  curve dstate  9.80:34.4 9.41:34.3 9.03:34.2 8.68:34.2 8.34:34.1 8.04:33.9 7.73:33.8 7.42:33.7 7.11:33.5 6.82:33.6 6.49:33.4 6.17:33.3 5.85:33.1 5.50:33.0 5.12:32.7 4.74:32.1 4.34:31.6 3.97:30.8 3.56:29.5 3.15:27.7 2.76:26.1 2.38:24.5 1.98:23.2 1.54:21.1 1.16:19.4
  curve dent    9.52:34.1 8.81:33.5 8.21:33.0 7.67:32.6 7.09:32.2 6.59:31.7 6.15:31.1 5.74:30.4 5.37:30.1 5.06:29.8 4.79:29.4 4.51:29.0 4.27:28.6 4.06:28.4 3.85:28.1 3.67:27.8 3.50:27.4 3.34:27.1 3.19:26.8 3.04:26.3 2.89:25.8 2.74:25.2 2.55:24.6 2.32:23.8 2.13:23.1
saved figure -> results/bakeoff_reachp_s7.png
