/home/dongwan0629/research/awe/.venv/lib/python3.12/site-packages/torch/nn/modules/transformer.py:529: UserWarning: The PyTorch API of nested tensors is in prototype stage and will change in the near future. We recommend specifying layout=torch.jagged when constructing a nested tensor, as this layout receives active development, has better operator coverage, and works with torch.compile. (Triggered internally at /pytorch/aten/src/ATen/NestedTensorImpl.cpp:178.)
  output = torch._nested_tensor_from_mask(
device=cuda | params=0.68M | n=28 sinks=2 T=12
== train ==
  step     1 | loss 3.5243
  step   300 | loss 2.0627
  step   600 | loss 1.9241
  step   900 | loss 1.6317
  step  1200 | loss 1.2263
  step  1500 | loss 0.6448
  step  1800 | loss 0.0122
  step  2100 | loss 0.0021
  step  2400 | loss 0.0012
  step  2700 | loss 0.0014
  step  3000 | loss 0.0035
== eval ==
 accuracy vs test-time depth:
   r=  1 ->  15.7%
   r=  2 ->  24.5%
   r=  4 ->  42.8%
   r=  6 ->  60.9%
   r=  8 ->  78.8%
   r= 12 -> 100.0%
   r= 16 -> 100.0%
 corr(K, steps-to-converge) = +0.997   [halting signal]
 corr(K, entropy@deep)      = +0.208
  K :   n    conv-step   acc
   0 :   394      1.00    100.0%
   1 :   551      1.00    100.0%
   2 :   526      2.00    100.0%
   3 :   563      3.00    100.0%
   4 :   536      4.00    100.0%
   5 :   523      5.00    100.0%
   6 :   564      6.00    100.0%
   7 :   539      7.00    100.0%
   8 :   532      8.00    100.0%
   9 :   484      9.00    100.0%
  10 :   360     10.00    100.0%
  11 :   266     11.00    100.0%
  12 :   162     12.02     99.4%
