/home/dongwan0629/research/awe/.venv/lib/python3.12/site-packages/torch/nn/modules/transformer.py:529: UserWarning: The PyTorch API of nested tensors is in prototype stage and will change in the near future. We recommend specifying layout=torch.jagged when constructing a nested tensor, as this layout receives active development, has better operator coverage, and works with torch.compile. (Triggered internally at /pytorch/aten/src/ATen/NestedTensorImpl.cpp:178.)
  output = torch._nested_tensor_from_mask(
device=cuda | params=0.68M | n=28 sinks=2 T=12
== train ==
  step     1 | loss 3.5107
  step   300 | loss 2.0720
  step   600 | loss 1.8068
  step   900 | loss 1.6484
  step  1200 | loss 1.2688
  step  1500 | loss 0.6091
  step  1800 | loss 0.0178
  step  2100 | loss 0.0021
  step  2400 | loss 0.0012
  step  2700 | loss 0.0012
  step  3000 | loss 0.0006
== eval ==
 accuracy vs test-time depth:
   r=  1 ->  16.1%
   r=  2 ->  24.8%
   r=  4 ->  43.1%
   r=  6 ->  60.5%
   r=  8 ->  78.7%
   r= 12 -> 100.0%
   r= 16 -> 100.0%
 corr(K, steps-to-converge) = +0.997   [halting signal]
 corr(K, entropy@deep)      = -0.249
  K :   n    conv-step   acc
   0 :   456      1.00    100.0%
   1 :   508      1.00    100.0%
   2 :   523      2.00    100.0%
   3 :   567      3.00    100.0%
   4 :   529      4.00    100.0%
   5 :   522      5.00    100.0%
   6 :   526      6.00    100.0%
   7 :   556      7.00    100.0%
   8 :   533      8.00    100.0%
   9 :   494      9.00    100.0%
  10 :   398     10.00    100.0%
  11 :   234     11.00    100.0%
  12 :   154     12.00    100.0%
