/home/dongwan0629/research/awe/.venv/lib/python3.12/site-packages/torch/nn/modules/transformer.py:529: UserWarning: The PyTorch API of nested tensors is in prototype stage and will change in the near future. We recommend specifying layout=torch.jagged when constructing a nested tensor, as this layout receives active development, has better operator coverage, and works with torch.compile. (Triggered internally at /pytorch/aten/src/ATen/NestedTensorImpl.cpp:178.)
  output = torch._nested_tensor_from_mask(
device=cuda | params=0.68M | n=28 sinks=2 T=12
== train ==
  step     1 | loss 3.5147
  step   300 | loss 2.1231
  step   600 | loss 1.9485
  step   900 | loss 1.6775
  step  1200 | loss 1.2781
  step  1500 | loss 0.5871
  step  1800 | loss 0.0083
  step  2100 | loss 0.0020
  step  2400 | loss 0.0011
  step  2700 | loss 0.0008
  step  3000 | loss 0.0005
== eval ==
 accuracy vs test-time depth:
   r=  1 ->  15.2%
   r=  2 ->  24.0%
   r=  4 ->  42.0%
   r=  6 ->  60.1%
   r=  8 ->  77.4%
   r= 12 -> 100.0%
   r= 16 -> 100.0%
 corr(K, steps-to-converge) = +0.998   [halting signal]
 corr(K, entropy@deep)      = -0.162
  K :   n    conv-step   acc
   0 :   386      1.00    100.0%
   1 :   524      1.00    100.0%
   2 :   531      2.00    100.0%
   3 :   499      3.00    100.0%
   4 :   579      4.00    100.0%
   5 :   545      5.00    100.0%
   6 :   540      6.00    100.0%
   7 :   528      7.00    100.0%
   8 :   514      8.00    100.0%
   9 :   515      9.00    100.0%
  10 :   399     10.00    100.0%
  11 :   286     11.00    100.0%
  12 :   154     12.00    100.0%
