/home/dongwan0629/research/awe/.venv/lib/python3.12/site-packages/torch/nn/modules/transformer.py:529: UserWarning: The PyTorch API of nested tensors is in prototype stage and will change in the near future. We recommend specifying layout=torch.jagged when constructing a nested tensor, as this layout receives active development, has better operator coverage, and works with torch.compile. (Triggered internally at /pytorch/aten/src/ATen/NestedTensorImpl.cpp:178.)
  output = torch._nested_tensor_from_mask(
device=cuda | params=0.68M | n=28 sinks=2 T=12
== train ==
  step     1 | loss 3.5318
  step   300 | loss 2.1044
  step   600 | loss 1.8391
  step   900 | loss 1.5771
  step  1200 | loss 1.1637
  step  1500 | loss 0.4392
  step  1800 | loss 0.0071
  step  2100 | loss 0.0016
  step  2400 | loss 0.0011
  step  2700 | loss 0.0007
  step  3000 | loss 0.0005
== eval ==
 accuracy vs test-time depth:
   r=  1 ->  16.2%
   r=  2 ->  24.8%
   r=  4 ->  43.1%
   r=  6 ->  60.7%
   r=  8 ->  78.5%
   r= 12 -> 100.0%
   r= 16 -> 100.0%
 corr(K, steps-to-converge) = +0.997   [halting signal]
 corr(K, entropy@deep)      = -0.340
  K :   n    conv-step   acc
   0 :   439      1.00    100.0%
   1 :   535      1.00    100.0%
   2 :   511      2.00    100.0%
   3 :   552      3.00    100.0%
   4 :   547      4.00    100.0%
   5 :   527      5.00    100.0%
   6 :   533      6.00    100.0%
   7 :   534      7.00    100.0%
   8 :   534      8.00    100.0%
   9 :   478      9.00    100.0%
  10 :   394     10.00    100.0%
  11 :   245     11.00    100.0%
  12 :   171     12.00    100.0%
