/home/dongwan0629/research/awe/.venv/lib/python3.12/site-packages/torch/nn/modules/transformer.py:529: UserWarning: The PyTorch API of nested tensors is in prototype stage and will change in the near future. We recommend specifying layout=torch.jagged when constructing a nested tensor, as this layout receives active development, has better operator coverage, and works with torch.compile. (Triggered internally at /pytorch/aten/src/ATen/NestedTensorImpl.cpp:178.)
  output = torch._nested_tensor_from_mask(
device=cuda | params=0.68M | n=28 sinks=2 T=12
== train ==
  step     1 | loss 3.4152
  step   300 | loss 2.1773
  step   600 | loss 1.9244
  step   900 | loss 1.6444
  step  1200 | loss 1.2164
  step  1500 | loss 0.5433
  step  1800 | loss 0.0134
  step  2100 | loss 0.0020
  step  2400 | loss 0.0011
  step  2700 | loss 0.0007
  step  3000 | loss 0.0006
== eval ==
 accuracy vs test-time depth:
   r=  1 ->  15.9%
   r=  2 ->  25.3%
   r=  4 ->  42.9%
   r=  6 ->  60.5%
   r=  8 ->  77.9%
   r= 12 -> 100.0%
   r= 16 -> 100.0%
 corr(K, steps-to-converge) = +0.997   [halting signal]
 corr(K, entropy@deep)      = -0.121
  K :   n    conv-step   acc
   0 :   431      1.00    100.0%
   1 :   525      1.00    100.0%
   2 :   564      2.00    100.0%
   3 :   523      3.00    100.0%
   4 :   530      4.00    100.0%
   5 :   540      5.00    100.0%
   6 :   515      6.00    100.0%
   7 :   526      7.00    100.0%
   8 :   518      8.00    100.0%
   9 :   525      9.00    100.0%
  10 :   377     10.00    100.0%
  11 :   264     11.00    100.0%
  12 :   162     12.00    100.0%
