/home/dongwan0629/research/awe/.venv/lib/python3.12/site-packages/torch/nn/modules/transformer.py:529: UserWarning: The PyTorch API of nested tensors is in prototype stage and will change in the near future. We recommend specifying layout=torch.jagged when constructing a nested tensor, as this layout receives active development, has better operator coverage, and works with torch.compile. (Triggered internally at /pytorch/aten/src/ATen/NestedTensorImpl.cpp:178.)
  output = torch._nested_tensor_from_mask(
device=cuda | params=0.68M | n=28 sinks=2 T=12
== train ==
  step     1 | loss 3.4641
  step   300 | loss 2.1038
  step   600 | loss 1.9021
  step   900 | loss 1.7508
  step  1200 | loss 1.3363
  step  1500 | loss 0.7567
  step  1800 | loss 0.0536
  step  2100 | loss 0.0050
  step  2400 | loss 0.0013
  step  2700 | loss 0.0008
  step  3000 | loss 0.0005
== eval ==
 accuracy vs test-time depth:
   r=  1 ->  16.0%
   r=  2 ->  25.2%
   r=  4 ->  42.4%
   r=  6 ->  60.4%
   r=  8 ->  77.8%
   r= 12 -> 100.0%
   r= 16 -> 100.0%
 corr(K, steps-to-converge) = +0.998   [halting signal]
 corr(K, entropy@deep)      = -0.257
  K :   n    conv-step   acc
   0 :   420      1.00    100.0%
   1 :   540      1.00    100.0%
   2 :   550      2.00    100.0%
   3 :   509      3.00    100.0%
   4 :   522      4.00    100.0%
   5 :   557      5.00    100.0%
   6 :   529      6.00    100.0%
   7 :   489      7.00    100.0%
   8 :   553      8.00    100.0%
   9 :   508      9.00    100.0%
  10 :   426     10.00    100.0%
  11 :   240     11.00    100.0%
  12 :   157     12.00    100.0%
