/home/dongwan0629/research/awe/.venv/lib/python3.12/site-packages/torch/nn/modules/transformer.py:529: UserWarning: The PyTorch API of nested tensors is in prototype stage and will change in the near future. We recommend specifying layout=torch.jagged when constructing a nested tensor, as this layout receives active development, has better operator coverage, and works with torch.compile. (Triggered internally at /pytorch/aten/src/ATen/NestedTensorImpl.cpp:178.)
  output = torch._nested_tensor_from_mask(
device=cuda | params=0.68M | n=28 sinks=2 T=12
== train ==
  step     1 | loss 3.4701
  step   300 | loss 1.9800
  step   600 | loss 1.8511
  step   900 | loss 1.6874
  step  1200 | loss 1.1572
  step  1500 | loss 0.4933
  step  1800 | loss 0.0113
  step  2100 | loss 0.0014
  step  2400 | loss 0.0011
  step  2700 | loss 0.0007
  step  3000 | loss 0.0005
== eval ==
 accuracy vs test-time depth:
   r=  1 ->  15.4%
   r=  2 ->  23.8%
   r=  4 ->  42.4%
   r=  6 ->  60.6%
   r=  8 ->  77.7%
   r= 12 -> 100.0%
   r= 16 -> 100.0%
 corr(K, steps-to-converge) = +0.998   [halting signal]
 corr(K, entropy@deep)      = -0.358
  K :   n    conv-step   acc
   0 :   412      1.00    100.0%
   1 :   511      1.00    100.0%
   2 :   507      2.00    100.0%
   3 :   564      3.00    100.0%
   4 :   548      4.00    100.0%
   5 :   573      5.00    100.0%
   6 :   524      6.00    100.0%
   7 :   506      7.00    100.0%
   8 :   520      8.00    100.0%
   9 :   482      9.00    100.0%
  10 :   415     10.00    100.0%
  11 :   263     11.00    100.0%
  12 :   175     12.00    100.0%
