/home/dongwan0629/research/awe/.venv/lib/python3.12/site-packages/torch/nn/modules/transformer.py:529: UserWarning: The PyTorch API of nested tensors is in prototype stage and will change in the near future. We recommend specifying layout=torch.jagged when constructing a nested tensor, as this layout receives active development, has better operator coverage, and works with torch.compile. (Triggered internally at /pytorch/aten/src/ATen/NestedTensorImpl.cpp:178.)
  output = torch._nested_tensor_from_mask(
device=cuda | params=0.68M | n=28 sinks=2 T=12
== train ==
  step     1 | loss 3.4977
  step   300 | loss 1.9631
  step   600 | loss 1.7556
  step   900 | loss 1.5190
  step  1200 | loss 1.0093
  step  1500 | loss 0.3141
  step  1800 | loss 0.0043
  step  2100 | loss 0.0015
  step  2400 | loss 0.0010
  step  2700 | loss 0.0005
  step  3000 | loss 0.0004
== eval ==
 accuracy vs test-time depth:
   r=  1 ->  15.6%
   r=  2 ->  25.4%
   r=  4 ->  42.9%
   r=  6 ->  60.3%
   r=  8 ->  77.9%
   r= 12 -> 100.0%
   r= 16 -> 100.0%
 corr(K, steps-to-converge) = +0.998   [halting signal]
 corr(K, entropy@deep)      = -0.418
  K :   n    conv-step   acc
   0 :   418      1.00    100.0%
   1 :   520      1.00    100.0%
   2 :   587      2.00    100.0%
   3 :   526      3.00    100.0%
   4 :   522      4.00    100.0%
   5 :   519      5.00    100.0%
   6 :   528      6.00    100.0%
   7 :   521      7.00    100.0%
   8 :   532      8.00    100.0%
   9 :   512      9.00    100.0%
  10 :   407     10.00    100.0%
  11 :   242     11.00    100.0%
  12 :   166     12.00    100.0%
