seed=0 device=cuda | params=5.06M | n=8192 m=4 Q=16 T=6
== train (single-hop MQAR, persist stream) ==
  step     1 | loss 18.3468
  step   400 | loss 10.4757
  step   800 | loss 6.7268
  step  1200 | loss 5.4775
  step  1600 | loss 5.0867
  step  2000 | loss 5.0218
  step  2400 | loss 4.8712
  step  2800 | loss 4.7119
  step  3200 | loss 4.7019
  step  3600 | loss 4.7888
  step  4000 | loss 4.5641
  step  4400 | loss 4.5431
  step  4800 | loss 4.5649
  step  5200 | loss 4.6657
  step  5600 | loss 4.4203
  step  6000 | loss 4.2097
== persist ceiling (fixed depth T=6): 51.9% ==
  entropy  | acc  51.9% (+0.0pp) | steps 5.85 | early-wrong 0%
  conv     | acc  51.9% (+0.0pp) | steps 5.83 | early-wrong 0%
  dstate   | acc  51.9% (+0.0pp) | steps 5.92 | early-wrong 2%
  recon    | acc  51.9% (+0.0pp) | steps 5.42 | early-wrong 0%
saved -> results/mqar8k_seed0.json
