seed=5 device=cuda | params=5.06M | n=8192 m=4 Q=16 T=6
== train (single-hop MQAR, persist stream) ==
  step     1 | loss 18.3108
  step   400 | loss 10.4039
  step   800 | loss 6.6327
  step  1200 | loss 5.7576
  step  1600 | loss 5.1721
  step  2000 | loss 5.1046
  step  2400 | loss 4.7126
  step  2800 | loss 4.6244
  step  3200 | loss 4.7454
  step  3600 | loss 4.5616
  step  4000 | loss 4.9783
  step  4400 | loss 4.6262
  step  4800 | loss 4.4893
  step  5200 | loss 4.5420
  step  5600 | loss 4.5200
  step  6000 | loss 4.5448
== persist ceiling (fixed depth T=6): 52.4% ==
  entropy  | acc  52.4% (+0.0pp) | steps 5.85 | early-wrong 0%
  conv     | acc  52.4% (-0.0pp) | steps 4.28 | early-wrong 5%
  dstate   | acc  52.4% (-0.0pp) | steps 5.92 | early-wrong 2%
  recon    | acc  52.4% (+0.0pp) | steps 5.43 | early-wrong 0%
saved -> results/mqar8k_seed5.json
