seed=3 device=cuda | params=5.06M | n=8192 m=4 Q=16 T=6
== train (single-hop MQAR, persist stream) ==
  step     1 | loss 18.2751
  step   400 | loss 10.4208
  step   800 | loss 6.7122
  step  1200 | loss 5.4761
  step  1600 | loss 5.3601
  step  2000 | loss 4.9391
  step  2400 | loss 5.0129
  step  2800 | loss 4.9192
  step  3200 | loss 4.4864
  step  3600 | loss 4.6964
  step  4000 | loss 4.5472
  step  4400 | loss 4.6639
  step  4800 | loss 4.4751
  step  5200 | loss 4.6724
  step  5600 | loss 4.3910
  step  6000 | loss 4.7363
== persist ceiling (fixed depth T=6): 51.9% ==
  entropy  | acc  51.9% (+0.0pp) | steps 5.87 | early-wrong 0%
  conv     | acc  51.9% (+0.0pp) | steps 5.86 | early-wrong 0%
  dstate   | acc  51.9% (-0.0pp) | steps 5.93 | early-wrong 2%
  recon    | acc  51.9% (+0.0pp) | steps 4.41 | early-wrong 0%
saved -> results/mqar8k_seed3.json
