seed=2 device=cuda | params=5.06M | n=8192 m=4 Q=16 T=6
== train (single-hop MQAR, persist stream) ==
  step     1 | loss 18.3269
  step   400 | loss 10.3982
  step   800 | loss 6.7521
  step  1200 | loss 5.5946
  step  1600 | loss 5.2096
  step  2000 | loss 4.9065
  step  2400 | loss 4.8250
  step  2800 | loss 4.8368
  step  3200 | loss 4.8188
  step  3600 | loss 4.6421
  step  4000 | loss 4.7502
  step  4400 | loss 4.6552
  step  4800 | loss 4.6966
  step  5200 | loss 4.4220
  step  5600 | loss 4.5438
  step  6000 | loss 4.6676
== persist ceiling (fixed depth T=6): 51.2% ==
  entropy  | acc  51.2% (+0.0pp) | steps 5.85 | early-wrong 0%
  conv     | acc  51.2% (+0.0pp) | steps 5.84 | early-wrong 0%
  dstate   | acc  51.2% (-0.0pp) | steps 5.92 | early-wrong 2%
  recon    | acc  51.2% (+0.0pp) | steps 5.45 | early-wrong 0%
saved -> results/mqar8k_seed2.json
