seed=4 device=cuda | params=5.06M | n=8192 m=4 Q=16 T=6
== train (single-hop MQAR, persist stream) ==
  step     1 | loss 18.3417
  step   400 | loss 10.5082
  step   800 | loss 6.8438
  step  1200 | loss 5.5001
  step  1600 | loss 5.2719
  step  2000 | loss 4.8493
  step  2400 | loss 5.0629
  step  2800 | loss 4.5912
  step  3200 | loss 4.6290
  step  3600 | loss 4.4589
  step  4000 | loss 4.5742
  step  4400 | loss 4.6276
  step  4800 | loss 4.5540
  step  5200 | loss 4.8197
  step  5600 | loss 4.6623
  step  6000 | loss 4.6517
== persist ceiling (fixed depth T=6): 52.2% ==
  entropy  | acc  52.2% (+0.0pp) | steps 5.86 | early-wrong 0%
  conv     | acc  52.2% (+0.0pp) | steps 5.85 | early-wrong 0%
  dstate   | acc  52.2% (+0.0pp) | steps 5.91 | early-wrong 2%
  recon    | acc  52.2% (+0.0pp) | steps 5.45 | early-wrong 0%
saved -> results/mqar8k_seed4.json
