seed=9 device=cuda | params=5.06M | n=8192 m=4 Q=16 T=6
== train (single-hop MQAR, persist stream) ==
  step     1 | loss 18.3237
  step   400 | loss 10.3545
  step   800 | loss 6.7616
  step  1200 | loss 5.6262
  step  1600 | loss 5.0799
  step  2000 | loss 4.9365
  step  2400 | loss 4.9420
  step  2800 | loss 4.7155
  step  3200 | loss 4.8372
  step  3600 | loss 4.6687
  step  4000 | loss 4.4210
  step  4400 | loss 4.5471
  step  4800 | loss 4.6010
  step  5200 | loss 4.4158
  step  5600 | loss 4.6142
  step  6000 | loss 4.7078
== persist ceiling (fixed depth T=6): 50.5% ==
  entropy  | acc  50.5% (+0.0pp) | steps 5.86 | early-wrong 0%
  conv     | acc  50.5% (+0.0pp) | steps 5.83 | early-wrong 0%
  dstate   | acc  50.5% (-0.0pp) | steps 5.91 | early-wrong 3%
  recon    | acc  50.5% (+0.0pp) | steps 5.48 | early-wrong 0%
saved -> results/mqar8k_seed9.json
