device=cpu | params=0.22M | n=20 m=3 Q=10 T=8
== train (memory persists across the stream) ==
  step     1 | loss 3.1767
  step   300 | loss 1.5900
  step   600 | loss 1.4520
  step   900 | loss 1.4238
  step  1200 | loss 1.4347
  step  1500 | loss 1.4575
  step  1800 | loss 1.4610
  step  2100 | loss 1.4330
  step  2400 | loss 1.4506
  step  2700 | loss 1.3618
  step  3000 | loss 1.4364
saved ckpt -> results/ckpt_rule_s3.pt
== eval (per-config tau, held-out calibration) ==
  fixed   | acc   5.7% | steps 8.00 | acc/q 5 6 6 5 6 6 6 5 5 7
  +halt   | acc   4.9% | steps 1.51 | acc/q 4 4 5 5 5 5 5 6 4 6
  persist | acc  49.9% | steps 8.00 | acc/q 5 18 31 45 51 59 65 70 75 79
  both    | acc  49.7% | steps 2.47 | acc/q 5 18 31 46 52 59 64 70 75 79
== headline (both) ==
  accuracy: q0=5% -> q9=79%  (Δ +74pp)
  steps   : q0=7.86  -> q9=1.23   (Δ -6.63)
  corr(answerable, surprise@0) = -0.967  (expect negative: seen->low surprise)
saved figure -> results/rule_s3.png
