device=cpu | params=0.22M | n=20 m=3 Q=10 T=8
== train (memory persists across the stream) ==
  step     1 | loss 3.1072
  step   300 | loss 1.5216
  step   600 | loss 1.4738
  step   900 | loss 1.5117
  step  1200 | loss 1.4266
  step  1500 | loss 1.4282
  step  1800 | loss 1.4385
  step  2100 | loss 1.4598
  step  2400 | loss 1.3895
  step  2700 | loss 1.3745
  step  3000 | loss 1.4261
saved ckpt -> results/ckpt_rule_s7.pt
== eval (per-config tau, held-out calibration) ==
  fixed   | acc   6.3% | steps 8.00 | acc/q 7 6 6 5 6 7 7 6 6 6
  +halt   | acc   5.4% | steps 1.57 | acc/q 5 4 6 5 6 5 5 6 6 5
  persist | acc  50.7% | steps 8.00 | acc/q 7 18 33 43 52 61 65 69 77 81
  both    | acc  50.6% | steps 2.61 | acc/q 7 18 33 43 53 60 64 70 77 80
== headline (both) ==
  accuracy: q0=7% -> q9=80%  (Δ +73pp)
  steps   : q0=7.93  -> q9=1.22   (Δ -6.72)
  corr(answerable, surprise@0) = -0.968  (expect negative: seen->low surprise)
saved figure -> results/rule_s7.png
