device=cpu | params=0.22M | n=20 m=3 Q=10 T=8
== train (memory persists across the stream) ==
  step     1 | loss 3.1906
  step   300 | loss 1.5329
  step   600 | loss 1.5609
  step   900 | loss 1.5401
  step  1200 | loss 1.5341
  step  1500 | loss 1.4657
  step  1800 | loss 1.5298
  step  2100 | loss 1.4360
  step  2400 | loss 1.5631
  step  2700 | loss 1.4513
  step  3000 | loss 1.3650
saved ckpt -> results/ckpt_rule_s4.pt
== eval (per-config tau, held-out calibration) ==
  fixed   | acc   6.4% | steps 8.00 | acc/q 7 6 6 7 7 5 7 8 5 6
  +halt   | acc   4.6% | steps 1.50 | acc/q 5 4 3 6 4 5 5 5 5 5
  persist | acc  50.5% | steps 8.00 | acc/q 7 20 33 45 51 60 64 73 75 79
  both    | acc  49.4% | steps 2.29 | acc/q 7 20 31 44 50 56 64 71 73 78
== headline (both) ==
  accuracy: q0=7% -> q9=78%  (Δ +71pp)
  steps   : q0=7.81  -> q9=1.22   (Δ -6.59)
  corr(answerable, surprise@0) = -0.963  (expect negative: seen->low surprise)
saved figure -> results/rule_s4.png
