=== seed 3 ===
device=cpu | params=0.22M | n=20 m=3 Q=10 T=8
== train (memory persists across the stream) ==
  step     1 | loss 3.1767
  step   300 | loss 1.5900
  step   600 | loss 1.4520
  step   900 | loss 1.4238
  step  1200 | loss 1.4347
  step  1500 | loss 1.4575
  step  1800 | loss 1.4610
  step  2100 | loss 1.4330
  step  2400 | loss 1.4506
  step  2700 | loss 1.3618
  step  3000 | loss 1.4364
saved ckpt -> results/ckpt_rule_s3.pt
== eval (per-config tau, held-out calibration) ==
  fixed   | acc   5.7% | steps 8.00 | acc/q 5 6 6 5 6 6 6 5 5 7
  +halt   | acc   4.9% | steps 1.51 | acc/q 4 4 5 5 5 5 5 6 4 6
  persist | acc  49.9% | steps 8.00 | acc/q 5 18 31 45 51 59 65 70 75 79
  both    | acc  49.7% | steps 2.47 | acc/q 5 18 31 46 52 59 64 70 75 79
== headline (both) ==
  accuracy: q0=5% -> q9=79%  (Δ +74pp)
  steps   : q0=7.86  -> q9=1.23   (Δ -6.63)
  corr(answerable, surprise@0) = -0.967  (expect negative: seen->low surprise)
saved figure -> results/rule_s3.png
device=cpu | params=0.22M | n=24 m=5 Q=12 T=10 kcap=8
== train (memory persists across the stream) ==
  step     1 | loss 3.3091
  step   300 | loss 2.8521
  step   600 | loss 2.6385
  step   900 | loss 2.5925
  step  1200 | loss 2.5981
  step  1500 | loss 2.5314
  step  1800 | loss 2.4538
  step  2100 | loss 2.5094
  step  2400 | loss 2.2838
  step  2700 | loss 2.3169
  step  3000 | loss 2.2706
  step  3300 | loss 2.2376
  step  3600 | loss 2.3775
  step  3900 | loss 2.2631
saved ckpt -> results/ckpt_reachp_s3.pt
== eval (per-config tau, held-out calibration) ==
  fixed   | acc  21.1% | steps 10.00 | acc/q 19 19 22 24 22 20 21 22 22 22 21 19
  +halt   | acc  16.9% | steps 3.55 | acc/q 15 16 19 19 17 17 16 17 16 19 17 16
  persist | acc  35.5% | steps 10.00 | acc/q 19 25 31 37 38 39 40 41 39 40 40 37
  both    | acc  25.8% | steps 5.40 | acc/q 18 20 24 27 25 27 29 28 29 29 28 24
== depth vs difficulty K (both; answerable & correct) ==
  K=0: halt-step 2.08  (n=960)
  K=1: halt-step 2.00  (n=545)
  K=2: halt-step 9.69  (n=75)
  K=3: halt-step 9.88  (n=57)
  K=4: halt-step 10.00  (n=38)
  K=5: halt-step 10.00  (n=23)
  K=6: halt-step 10.00  (n=26)
  K=7: halt-step 10.00  (n=27)
  K=8: halt-step 10.00  (n=30)
== surprise vs miss: corr(answerable, surprise) = -0.299 ==
== amortization (both): acc q0=18% -> q11=24% ==
saved figure -> results/reachp_s3.png
task=rule | device=cpu | params=0.22M | seed=3
== loaded checkpoint results/ckpt_rule_s3.pt (skip training; eval batches are fresh draws) ==
== eval (N=10000, T=8) | no-halt acc 51.6% @ 8 steps ==
== fixed-depth frontier (compute-matched control) ==
  fixed t= 1 | acc  48.7%
  fixed t= 2 | acc  51.6%
  fixed t= 3 | acc  51.7%
  fixed t= 4 | acc  51.8%
  fixed t= 5 | acc  51.7%
  fixed t= 6 | acc  51.6%
  fixed t= 7 | acc  51.6%
  fixed t= 8 | acc  51.6%
== signal arms (tau on held-out calib; shuf_g/shuf_b = global/within-block nulls) ==
  signal        tau    acc  steps  shuf_g  shuf_b    corr  er/pm/wa/fd  pm|halt  tau_ok
  ent        2.6424  51.3%   2.46   50.2%   50.2%  -0.967  0.50/0.03/0.32/0.15     0.03  y
  recon    110.3050  50.2%   2.41   49.8%   49.8%  -0.791  0.48/0.03/0.37/0.12     0.03  y
  rnorm     -7.9099  51.4%   4.78   50.2%   50.4%  -0.648  0.40/0.01/0.05/0.54     0.01  y
  dstate    69.3683  50.4%   1.79   51.0%   51.1%  +0.637  0.50/0.04/0.45/0.00     0.04  y
  dent       0.3284  51.7%   2.15   51.6%   51.6%  -0.125  0.52/0.03/0.45/-0.00     0.03  y
== tau-sweep on eval per signal (steps:acc%) — read matched-compute comparisons (PROJECT.md §7 kill criterion) off these curves, not the single points ==
  curve ent     7.71:51.6 7.38:51.6 7.12:51.6 6.90:51.6 6.64:51.6 6.39:51.6 6.10:51.6 5.82:51.6 5.56:51.6 5.29:51.6 5.04:51.6 4.79:51.6 4.52:51.6 4.20:51.7 3.93:51.7 3.64:51.8 3.32:51.8 3.05:51.8 2.74:51.5 2.46:51.3 2.17:50.8 1.88:50.1 1.54:49.7 1.27:49.3 1.11:48.9
  curve recon   6.87:51.6 5.49:51.6 5.01:51.5 4.52:51.2 4.20:51.2 3.92:51.1 3.70:50.9 3.51:50.7 3.32:50.6 3.12:50.4 2.96:50.4 2.81:50.3 2.67:50.3 2.53:50.2 2.41:50.2 2.28:50.2 2.16:50.3 2.05:50.2 1.92:50.1 1.78:50.1 1.66:50.1 1.52:49.9 1.38:49.7 1.25:49.5 1.09:49.1
  curve rnorm   6.86:51.6 4.78:51.4 3.33:50.7 2.32:50.2 1.66:49.4 1.28:49.1 1.11:49.0 1.06:48.8 1.03:48.8 1.02:48.8 1.02:48.8 1.01:48.8 1.01:48.8 1.01:48.8 1.01:48.8 1.00:48.8 1.00:48.8 1.00:48.7 1.00:48.7 1.00:48.7 1.00:48.7 1.00:48.7 1.00:48.7 1.00:48.7 1.00:48.7
  curve dstate  7.87:51.5 7.57:51.5 7.30:51.7 6.99:51.8 6.71:51.8 6.40:51.8 6.12:51.9 5.82:51.8 5.52:51.9 5.22:51.8 4.91:51.7 4.62:51.7 4.36:51.7 4.14:51.7 3.93:51.7 3.70:51.7 3.43:51.7 3.15:51.7 2.85:51.6 2.53:51.6 2.26:51.6 2.06:51.6 1.79:50.4 1.48:49.1 1.17:48.7
  curve dent    7.63:51.6 7.19:51.6 6.94:51.6 6.76:51.6 6.58:51.5 6.38:51.5 6.11:51.5 5.82:51.6 5.47:51.6 5.15:51.6 4.86:51.5 4.63:51.4 4.43:51.4 4.26:51.4 4.11:51.4 3.98:51.4 3.85:51.4 3.71:51.5 3.55:51.5 3.35:51.6 3.12:51.7 2.87:51.6 2.64:51.7 2.39:51.7 2.15:51.7
saved figure -> results/bakeoff_rule_s3.png
task=reachp | device=cpu | params=0.22M | seed=3
== loaded checkpoint results/ckpt_reachp_s3.pt (skip training; eval batches are fresh draws) ==
== eval (N=12000, T=10) | no-halt acc 34.2% @ 10 steps ==
== fixed-depth frontier (compute-matched control) ==
  fixed t= 1 | acc  19.6%
  fixed t= 2 | acc  23.9%
  fixed t= 3 | acc  28.0%
  fixed t= 4 | acc  31.0%
  fixed t= 5 | acc  32.4%
  fixed t= 6 | acc  33.4%
  fixed t= 7 | acc  33.6%
  fixed t= 8 | acc  33.9%
  fixed t= 9 | acc  34.2%
  fixed t=10 | acc  34.2%
== signal arms (tau on held-out calib; shuf_g/shuf_b = global/within-block nulls) ==
  signal        tau    acc  steps  shuf_g  shuf_b    corr  er/pm/wa/fd  pm|halt  tau_ok
  ent        0.0927  34.2%   9.82   34.1%   34.1%  -0.313  0.03/0.00/0.00/0.97     0.00  y
  recon     16.0924  31.0%   8.36   31.5%   31.6%  -0.190  0.04/0.04/0.10/0.82     0.22  FALLBACK
  rnorm    -59.7156  31.4%   8.51   31.9%   32.0%  -0.111  0.04/0.04/0.09/0.83     0.21  FALLBACK
  dstate     3.3578  33.0%   5.47   32.1%   32.2%  +0.032  0.31/0.04/0.61/0.04     0.04  y
  dent       0.0029  33.6%   8.87   33.7%   33.6%  -0.054  0.11/0.01/0.15/0.73     0.05  y
== tau-sweep on eval per signal (steps:acc%) — read matched-compute comparisons (PROJECT.md §7 kill criterion) off these curves, not the single points ==
  curve ent     9.82:34.2 8.75:32.5 7.11:29.0 5.91:26.3 5.17:24.9 4.86:24.4 4.63:24.3 4.42:24.2 4.20:24.1 3.99:24.0 3.77:23.8 3.56:23.7 3.35:23.5 3.12:23.3 2.89:23.1 2.68:22.8 2.45:22.4 2.26:22.1 2.06:21.8 1.86:21.4 1.66:21.2 1.49:20.9 1.33:20.3 1.17:20.1 1.04:19.8
  curve recon   8.36:31.0 6.98:28.4 6.42:27.5 5.95:26.8 5.50:26.1 5.09:25.6 4.70:25.1 4.33:24.7 4.00:24.2 3.66:23.7 3.34:23.3 3.06:23.0 2.76:22.6 2.40:22.1 2.05:21.5 1.66:21.1 1.43:20.6 1.26:20.3 1.08:20.0 1.01:19.8 1.01:19.7 1.00:19.7 1.00:19.6 1.00:19.6 1.00:19.6
  curve rnorm   8.51:31.4 7.61:29.8 7.09:29.1 6.59:28.5 6.15:27.9 5.59:27.3 4.95:26.4 4.28:25.5 3.63:24.8 3.05:23.9 2.61:23.3 2.26:22.8 1.99:22.3 1.80:21.7 1.66:21.3 1.54:21.0 1.44:20.6 1.35:20.3 1.27:20.1 1.20:19.9 1.14:19.8 1.10:19.7 1.08:19.7 1.06:19.7 1.02:19.7
  curve dstate  9.75:34.2 9.34:34.2 8.97:34.1 8.63:34.0 8.32:34.0 8.02:34.0 7.73:33.9 7.43:33.9 7.13:33.7 6.82:33.7 6.52:33.6 6.17:33.3 5.82:33.3 5.47:33.0 5.10:32.6 4.72:32.0 4.33:31.6 3.94:31.0 3.55:30.2 3.15:28.9 2.75:27.2 2.37:25.8 1.97:24.6 1.53:22.8 1.15:20.7
  curve dent    9.56:34.0 8.87:33.6 8.32:33.2 7.80:32.6 7.27:32.1 6.80:31.7 6.39:31.2 5.96:30.8 5.60:30.3 5.28:29.8 4.96:29.6 4.67:29.3 4.43:28.9 4.19:28.6 3.95:28.3 3.76:28.1 3.57:27.9 3.41:27.6 3.25:27.6 3.10:27.3 2.94:27.1 2.77:26.6 2.58:26.1 2.33:25.0 2.13:24.1
saved figure -> results/bakeoff_reachp_s3.png
=== seed 4 ===
device=cpu | params=0.22M | n=20 m=3 Q=10 T=8
== train (memory persists across the stream) ==
  step     1 | loss 3.1906
  step   300 | loss 1.5329
  step   600 | loss 1.5609
  step   900 | loss 1.5401
  step  1200 | loss 1.5341
  step  1500 | loss 1.4657
  step  1800 | loss 1.5298
  step  2100 | loss 1.4360
  step  2400 | loss 1.5631
  step  2700 | loss 1.4513
  step  3000 | loss 1.3650
saved ckpt -> results/ckpt_rule_s4.pt
== eval (per-config tau, held-out calibration) ==
  fixed   | acc   6.4% | steps 8.00 | acc/q 7 6 6 7 7 5 7 8 5 6
  +halt   | acc   4.6% | steps 1.50 | acc/q 5 4 3 6 4 5 5 5 5 5
  persist | acc  50.5% | steps 8.00 | acc/q 7 20 33 45 51 60 64 73 75 79
  both    | acc  49.4% | steps 2.29 | acc/q 7 20 31 44 50 56 64 71 73 78
== headline (both) ==
  accuracy: q0=7% -> q9=78%  (Δ +71pp)
  steps   : q0=7.81  -> q9=1.22   (Δ -6.59)
  corr(answerable, surprise@0) = -0.963  (expect negative: seen->low surprise)
saved figure -> results/rule_s4.png
device=cpu | params=0.22M | n=24 m=5 Q=12 T=10 kcap=8
== train (memory persists across the stream) ==
  step     1 | loss 3.3240
  step   300 | loss 2.8002
  step   600 | loss 2.7094
  step   900 | loss 2.6138
  step  1200 | loss 2.6366
  step  1500 | loss 2.5080
  step  1800 | loss 2.5131
  step  2100 | loss 2.4240
  step  2400 | loss 2.4216
  step  2700 | loss 2.3921
  step  3000 | loss 2.2780
  step  3300 | loss 2.3885
  step  3600 | loss 2.3054
  step  3900 | loss 2.2285
saved ckpt -> results/ckpt_reachp_s4.pt
== eval (per-config tau, held-out calibration) ==
  fixed   | acc  21.0% | steps 10.00 | acc/q 21 19 22 21 18 20 24 22 21 22 21 21
  +halt   | acc  16.5% | steps 3.28 | acc/q 16 15 15 16 16 16 19 15 18 17 15 19
  persist | acc  35.3% | steps 10.00 | acc/q 21 28 33 35 36 38 38 39 38 40 37 41
  both    | acc  26.1% | steps 5.32 | acc/q 20 22 26 26 26 29 26 27 28 28 25 30
== depth vs difficulty K (both; answerable & correct) ==
  K=0: halt-step 1.79  (n=952)
  K=1: halt-step 1.76  (n=624)
  K=2: halt-step 8.70  (n=87)
  K=3: halt-step 9.82  (n=33)
  K=4: halt-step 10.00  (n=32)
  K=5: halt-step 9.77  (n=26)
  K=6: halt-step 10.00  (n=33)
  K=7: halt-step 10.00  (n=21)
  K=8: halt-step 9.60  (n=15)
== surprise vs miss: corr(answerable, surprise) = -0.306 ==
== amortization (both): acc q0=20% -> q11=30% ==
saved figure -> results/reachp_s4.png
task=rule | device=cpu | params=0.22M | seed=4
== loaded checkpoint results/ckpt_rule_s4.pt (skip training; eval batches are fresh draws) ==
== eval (N=10000, T=8) | no-halt acc 50.8% @ 8 steps ==
== fixed-depth frontier (compute-matched control) ==
  fixed t= 1 | acc  47.7%
  fixed t= 2 | acc  50.4%
  fixed t= 3 | acc  50.4%
  fixed t= 4 | acc  50.6%
  fixed t= 5 | acc  50.7%
  fixed t= 6 | acc  50.8%
  fixed t= 7 | acc  50.8%
  fixed t= 8 | acc  50.8%
== signal arms (tau on held-out calib; shuf_g/shuf_b = global/within-block nulls) ==
  signal        tau    acc  steps  shuf_g  shuf_b    corr  er/pm/wa/fd  pm|halt  tau_ok
  ent        2.7482  49.1%   1.92   48.8%   48.7%  -0.961  0.49/0.03/0.39/0.09     0.04  y
  recon     98.1329  49.6%   1.78   48.7%   48.7%  -0.761  0.49/0.03/0.46/0.01     0.03  y
  rnorm     -6.1187  49.7%   3.36   48.9%   48.8%  -0.642  0.44/0.02/0.21/0.33     0.03  y
  dstate    68.6367  49.7%   1.81   49.9%   49.9%  +0.636  0.50/0.03/0.47/0.00     0.03  y
  dent       0.3443  50.4%   2.14   50.4%   50.4%  -0.068  0.50/0.03/0.47/0.00     0.03  y
== tau-sweep on eval per signal (steps:acc%) — read matched-compute comparisons (PROJECT.md §7 kill criterion) off these curves, not the single points ==
  curve ent     7.79:50.8 7.47:50.8 7.19:50.8 6.94:50.8 6.69:50.8 6.38:50.8 6.09:50.8 5.81:50.8 5.57:50.8 5.33:50.8 5.06:50.8 4.82:50.7 4.54:50.8 4.25:50.7 3.94:50.7 3.68:50.6 3.43:50.5 3.13:50.5 2.82:50.4 2.55:50.2 2.26:49.9 1.92:49.1 1.58:48.5 1.32:48.2 1.14:47.9
  curve recon   6.94:50.8 5.49:50.8 5.08:50.7 4.79:50.6 4.60:50.5 4.38:50.4 4.21:50.4 4.06:50.4 3.89:50.4 3.72:50.3 3.57:50.3 3.42:50.3 3.26:50.2 3.12:50.2 2.97:50.2 2.82:50.1 2.64:50.0 2.48:50.1 2.31:50.0 2.14:49.9 1.97:49.6 1.78:49.6 1.58:49.3 1.36:48.9 1.11:48.2
  curve rnorm   6.96:50.8 4.83:50.5 3.36:49.7 2.47:48.9 1.82:48.4 1.42:48.0 1.20:47.9 1.11:47.8 1.07:47.8 1.04:47.8 1.03:47.7 1.03:47.7 1.02:47.7 1.02:47.7 1.01:47.7 1.01:47.7 1.01:47.7 1.01:47.7 1.01:47.7 1.00:47.7 1.00:47.7 1.00:47.7 1.00:47.7 1.00:47.7 1.00:47.7
  curve dstate  7.90:50.7 7.61:50.7 7.35:50.8 7.06:50.8 6.79:50.8 6.51:50.7 6.22:50.7 5.93:50.7 5.64:50.7 5.32:50.6 5.00:50.5 4.67:50.4 4.38:50.5 4.10:50.5 3.86:50.4 3.61:50.5 3.37:50.5 3.11:50.3 2.82:50.4 2.53:50.4 2.28:50.4 2.08:50.4 1.81:49.7 1.47:48.2 1.15:47.7
  curve dent    7.72:50.8 7.30:50.8 7.03:50.8 6.82:50.8 6.63:50.8 6.42:50.8 6.10:50.8 5.80:50.8 5.49:50.8 5.17:50.8 4.88:50.7 4.66:50.7 4.46:50.6 4.30:50.6 4.16:50.6 4.04:50.6 3.91:50.7 3.76:50.7 3.59:50.6 3.38:50.5 3.12:50.6 2.87:50.6 2.63:50.6 2.40:50.6 2.14:50.4
saved figure -> results/bakeoff_rule_s4.png
task=reachp | device=cpu | params=0.22M | seed=4
== loaded checkpoint results/ckpt_reachp_s4.pt (skip training; eval batches are fresh draws) ==
== eval (N=12000, T=10) | no-halt acc 34.7% @ 10 steps ==
== fixed-depth frontier (compute-matched control) ==
  fixed t= 1 | acc  18.9%
  fixed t= 2 | acc  23.7%
  fixed t= 3 | acc  27.4%
  fixed t= 4 | acc  30.6%
  fixed t= 5 | acc  32.5%
  fixed t= 6 | acc  33.6%
  fixed t= 7 | acc  34.1%
  fixed t= 8 | acc  34.4%
  fixed t= 9 | acc  34.6%
  fixed t=10 | acc  34.7%
== signal arms (tau on held-out calib; shuf_g/shuf_b = global/within-block nulls) ==
  signal        tau    acc  steps  shuf_g  shuf_b    corr  er/pm/wa/fd  pm|halt  tau_ok
  ent        0.0911  34.4%   9.74   34.3%   34.4%  -0.302  0.03/0.00/0.01/0.96     0.06  y
  recon     15.5484  31.1%   8.33   31.7%   31.7%  -0.185  0.04/0.04/0.10/0.81     0.23  FALLBACK
  rnorm    -57.2116  31.4%   8.47   32.0%   32.0%  -0.101  0.04/0.04/0.09/0.83     0.23  FALLBACK
  dstate     2.5181  33.4%   5.96   32.7%   32.4%  +0.025  0.30/0.03/0.58/0.08     0.04  y
  dent       0.0026  33.9%   8.93   34.0%   34.1%  -0.068  0.10/0.01/0.14/0.75     0.06  y
== tau-sweep on eval per signal (steps:acc%) — read matched-compute comparisons (PROJECT.md §7 kill criterion) off these curves, not the single points ==
  curve ent     9.74:34.4 8.41:32.2 6.94:28.4 6.01:26.4 5.18:24.8 4.82:24.3 4.59:24.1 4.36:23.9 4.14:23.6 3.93:23.6 3.71:23.5 3.51:23.3 3.31:23.1 3.11:22.9 2.89:22.5 2.66:22.3 2.45:21.9 2.22:21.4 2.01:21.0 1.78:20.5 1.58:20.0 1.39:19.6 1.25:19.4 1.12:19.2 1.03:19.0
  curve recon   8.33:31.1 6.80:28.1 6.15:26.9 5.68:26.2 5.22:25.4 4.78:24.7 4.41:24.3 4.00:23.6 3.44:22.9 2.94:22.2 2.46:21.3 1.95:20.5 1.51:20.0 1.28:19.6 1.16:19.3 1.07:19.0 1.03:18.9 1.01:18.9 1.00:18.9 1.00:18.9 1.00:18.9 1.00:18.9 1.00:18.9 1.00:18.9 1.00:18.9
  curve rnorm   8.47:31.4 7.57:29.7 7.06:29.1 6.60:28.4 6.14:27.7 5.60:27.1 5.00:26.3 4.38:25.7 3.74:24.6 3.21:23.6 2.74:22.7 2.37:22.2 2.07:21.7 1.87:21.3 1.68:21.0 1.53:20.7 1.44:20.5 1.35:20.2 1.28:20.0 1.22:19.7 1.17:19.4 1.14:19.3 1.10:19.2 1.07:19.1 1.02:19.0
  curve dstate  9.82:34.6 9.48:34.6 9.14:34.6 8.82:34.5 8.49:34.3 8.19:34.2 7.89:34.1 7.60:34.0 7.30:34.0 6.97:33.9 6.66:33.8 6.31:33.7 5.96:33.4 5.57:33.2 5.21:33.0 4.80:32.5 4.40:31.7 4.01:30.9 3.60:29.8 3.20:28.6 2.80:27.1 2.41:26.0 2.00:24.8 1.56:22.5 1.17:20.1
  curve dent    9.57:34.4 8.93:33.9 8.36:33.6 7.86:33.2 7.35:32.8 6.90:32.2 6.44:31.8 6.05:31.3 5.68:30.9 5.35:30.7 5.03:30.2 4.76:29.9 4.48:29.4 4.26:29.2 4.06:28.8 3.86:28.3 3.65:28.0 3.48:27.7 3.30:27.3 3.12:26.9 2.95:26.7 2.78:26.3 2.60:25.9 2.34:25.0 2.13:24.1
saved figure -> results/bakeoff_reachp_s4.png

== bakeoff_reachp ==
  ent       acc 34.72 ± 0.58 (n=10)      steps 9.71 ± 0.10 (n=10) corr -0.31 ± 0.01 (n=10)
  recon     acc 31.71 ± 0.59 (n=10)      steps 8.39 ± 0.06 (n=10) corr -0.18 ± 0.01 (n=10)
  rnorm     acc 32.07 ± 0.59 (n=10)      steps 8.55 ± 0.08 (n=10) corr -0.09 ± 0.01 (n=10)
  dstate    acc 33.78 ± 0.61 (n=10)      steps 6.28 ± 0.58 (n=10) corr 0.02 ± 0.01 (n=10)
  dent      acc 34.30 ± 0.66 (n=10)      steps 9.08 ± 0.41 (n=10) corr -0.07 ± 0.01 (n=10)

== bakeoff_rule ==
  ent       acc 50.13 ± 0.69 (n=10)      steps 2.22 ± 0.23 (n=10) corr -0.97 ± 0.00 (n=10)
  recon     acc 50.07 ± 0.46 (n=10)      steps 2.38 ± 0.56 (n=10) corr -0.77 ± 0.03 (n=10)
  rnorm     acc 50.16 ± 0.57 (n=10)      steps 3.38 ± 0.86 (n=10) corr -0.64 ± 0.01 (n=10)
  dstate    acc 50.33 ± 0.61 (n=10)      steps 1.90 ± 0.14 (n=10) corr 0.64 ± 0.01 (n=10)
  dent      acc 50.83 ± 0.47 (n=10)      steps 2.14 ± 0.01 (n=10) corr -0.13 ± 0.06 (n=10)

== reachp ==
  fixed     acc 21.01 ± 0.28 (n=10)      steps 10.00 ± 0.00 (n=10)
  +halt     acc 16.27 ± 0.41 (n=10)      steps 3.12 ± 0.33 (n=10)
  persist   acc 35.12 ± 0.65 (n=10)      steps 10.00 ± 0.00 (n=10)
  both      acc 25.61 ± 0.41 (n=10)      steps 5.34 ± 0.05 (n=10)
  corr      -0.30 ± 0.01 (n=10)

== rule ==
  fixed     acc 6.01 ± 0.36 (n=10)       steps 8.00 ± 0.00 (n=10)
  +halt     acc 5.07 ± 0.46 (n=10)       steps 1.53 ± 0.02 (n=10)
  persist   acc 50.52 ± 0.37 (n=10)      steps 8.00 ± 0.00 (n=10)
  both      acc 50.09 ± 0.42 (n=10)      steps 2.42 ± 0.10 (n=10)
  corr      -0.97 ± 0.00 (n=10)
Done. Commit logs/figures (NOT the .pt checkpoints):
  git add -f results/*_s*.log results/*_s*.png && git commit && git push
