=== seed 5 ===
device=cpu | params=0.22M | n=20 m=3 Q=10 T=8
== train (memory persists across the stream) ==
  step     1 | loss 3.1807
  step   300 | loss 1.6504
  step   600 | loss 1.4931
  step   900 | loss 1.4502
  step  1200 | loss 1.4822
  step  1500 | loss 1.4530
  step  1800 | loss 1.3204
  step  2100 | loss 1.4535
  step  2400 | loss 1.4188
  step  2700 | loss 1.3621
  step  3000 | loss 1.4581
saved ckpt -> results/ckpt_rule_s5.pt
== eval (per-config tau, held-out calibration) ==
  fixed   | acc   5.6% | steps 8.00 | acc/q 6 6 5 5 5 5 5 6 8 6
  +halt   | acc   5.0% | steps 1.51 | acc/q 5 4 5 5 6 5 5 5 5 5
  persist | acc  51.0% | steps 8.00 | acc/q 6 20 31 43 51 61 67 74 76 81
  both    | acc  50.4% | steps 2.39 | acc/q 6 19 31 44 51 60 66 73 75 80
== headline (both) ==
  accuracy: q0=6% -> q9=80%  (Δ +74pp)
  steps   : q0=7.92  -> q9=1.21   (Δ -6.71)
  corr(answerable, surprise@0) = -0.965  (expect negative: seen->low surprise)
saved figure -> results/rule_s5.png
device=cpu | params=0.22M | n=24 m=5 Q=12 T=10 kcap=8
== train (memory persists across the stream) ==
  step     1 | loss 3.3419
  step   300 | loss 2.8304
  step   600 | loss 2.7069
  step   900 | loss 2.5846
  step  1200 | loss 2.5104
  step  1500 | loss 2.5412
  step  1800 | loss 2.5135
  step  2100 | loss 2.4585
  step  2400 | loss 2.4088
  step  2700 | loss 2.3514
  step  3000 | loss 2.4490
  step  3300 | loss 2.4587
  step  3600 | loss 2.2769
  step  3900 | loss 2.2494
saved ckpt -> results/ckpt_reachp_s5.pt
== eval (per-config tau, held-out calibration) ==
  fixed   | acc  20.5% | steps 10.00 | acc/q 21 21 22 22 18 20 19 21 22 20 18 22
  +halt   | acc  15.8% | steps 3.30 | acc/q 17 15 16 16 14 16 15 15 17 15 17 17
  persist | acc  34.1% | steps 10.00 | acc/q 21 25 33 35 35 36 36 37 39 36 34 40
  both    | acc  24.7% | steps 5.35 | acc/q 20 21 25 23 25 26 27 26 27 25 24 28
== depth vs difficulty K (both; answerable & correct) ==
  K=0: halt-step 1.84  (n=909)
  K=1: halt-step 2.08  (n=531)
  K=2: halt-step 8.84  (n=68)
  K=3: halt-step 9.35  (n=51)
  K=4: halt-step 10.00  (n=31)
  K=5: halt-step 10.00  (n=32)
  K=6: halt-step 9.73  (n=30)
  K=7: halt-step 10.00  (n=23)
  K=8: halt-step 10.00  (n=22)
== surprise vs miss: corr(answerable, surprise) = -0.288 ==
== amortization (both): acc q0=20% -> q11=28% ==
saved figure -> results/reachp_s5.png
task=rule | device=cpu | params=0.22M | seed=5
== loaded checkpoint results/ckpt_rule_s5.pt (skip training; eval batches are fresh draws) ==
== eval (N=10000, T=8) | no-halt acc 51.2% @ 8 steps ==
== fixed-depth frontier (compute-matched control) ==
  fixed t= 1 | acc  48.6%
  fixed t= 2 | acc  50.9%
  fixed t= 3 | acc  51.1%
  fixed t= 4 | acc  50.9%
  fixed t= 5 | acc  51.0%
  fixed t= 6 | acc  50.9%
  fixed t= 7 | acc  51.0%
  fixed t= 8 | acc  51.2%
== signal arms (tau on held-out calib; shuf_g/shuf_b = global/within-block nulls) ==
  signal        tau    acc  steps  shuf_g  shuf_b    corr  er/pm/wa/fd  pm|halt  tau_ok
  ent        2.6958  50.3%   2.23   49.8%   49.6%  -0.963  0.49/0.03/0.35/0.12     0.03  y
  recon     93.0716  49.8%   2.03   49.4%   49.4%  -0.761  0.49/0.03/0.41/0.07     0.04  y
  rnorm     -5.6933  50.5%   3.60   49.6%   49.6%  -0.642  0.45/0.02/0.17/0.37     0.03  y
  dstate    64.2914  50.0%   1.79   50.4%   50.4%  +0.633  0.50/0.04/0.46/0.00     0.04  y
  dent       0.3367  51.0%   2.13   50.9%   50.9%  -0.067  0.51/0.03/0.46/-0.00     0.03  y
== tau-sweep on eval per signal (steps:acc%) — read matched-compute comparisons (PROJECT.md §7 kill criterion) off these curves, not the single points ==
  curve ent     7.76:51.2 7.41:51.2 7.12:51.2 6.88:51.2 6.66:51.2 6.39:51.2 6.10:51.2 5.82:51.2 5.53:51.2 5.25:51.2 4.98:51.2 4.74:51.1 4.50:51.2 4.24:51.1 3.97:51.2 3.68:51.2 3.37:51.1 3.08:51.1 2.78:50.9 2.51:50.6 2.23:50.3 1.94:49.8 1.52:49.2 1.26:49.0 1.10:48.7
  curve recon   6.92:51.2 5.45:51.2 4.74:50.8 4.15:50.6 3.81:50.6 3.53:50.4 3.30:50.3 3.11:50.2 2.92:50.2 2.76:50.2 2.62:50.3 2.48:50.2 2.37:50.1 2.25:50.0 2.14:49.9 2.03:49.8 1.92:49.8 1.82:49.7 1.71:49.8 1.60:49.6 1.50:49.5 1.38:49.4 1.27:49.2 1.17:49.0 1.07:48.8
  curve rnorm   6.92:51.2 4.81:50.7 3.60:50.5 2.65:50.1 1.95:49.6 1.50:49.2 1.31:49.0 1.21:48.9 1.14:48.8 1.10:48.8 1.07:48.8 1.06:48.8 1.04:48.8 1.03:48.7 1.03:48.7 1.02:48.7 1.02:48.7 1.02:48.7 1.01:48.7 1.01:48.7 1.01:48.7 1.01:48.6 1.01:48.6 1.00:48.6 1.00:48.6
  curve dstate  7.88:51.1 7.63:51.1 7.32:51.1 7.00:51.2 6.70:51.1 6.39:51.1 6.09:51.2 5.80:51.0 5.51:51.0 5.22:51.0 4.90:51.0 4.59:51.0 4.30:51.0 4.04:51.0 3.79:50.9 3.55:51.0 3.32:51.0 3.08:50.9 2.81:50.9 2.51:50.9 2.23:50.9 2.04:50.9 1.79:50.0 1.48:49.0 1.16:48.6
  curve dent    7.63:51.1 7.17:51.1 6.94:51.1 6.75:51.1 6.60:51.1 6.40:51.1 6.13:51.1 5.76:51.1 5.41:51.1 5.05:51.1 4.77:51.0 4.51:51.0 4.32:50.9 4.17:50.9 4.03:50.9 3.92:50.9 3.80:50.9 3.68:51.0 3.53:51.0 3.33:51.0 3.12:50.9 2.87:50.8 2.63:51.0 2.39:51.0 2.13:51.0
saved figure -> results/bakeoff_rule_s5.png
task=reachp | device=cpu | params=0.22M | seed=5
== loaded checkpoint results/ckpt_reachp_s5.pt (skip training; eval batches are fresh draws) ==
== eval (N=12000, T=10) | no-halt acc 34.9% @ 10 steps ==
== fixed-depth frontier (compute-matched control) ==
  fixed t= 1 | acc  19.2%
  fixed t= 2 | acc  22.7%
  fixed t= 3 | acc  26.8%
  fixed t= 4 | acc  30.6%
  fixed t= 5 | acc  32.6%
  fixed t= 6 | acc  33.6%
  fixed t= 7 | acc  34.2%
  fixed t= 8 | acc  34.6%
  fixed t= 9 | acc  34.8%
  fixed t=10 | acc  34.9%
== signal arms (tau on held-out calib; shuf_g/shuf_b = global/within-block nulls) ==
  signal        tau    acc  steps  shuf_g  shuf_b    corr  er/pm/wa/fd  pm|halt  tau_ok
  ent        0.0900  34.6%   9.66   34.5%   34.5%  -0.312  0.04/0.00/0.01/0.95     0.08  y
  recon     13.9974  32.0%   8.44   32.2%   32.4%  -0.170  0.04/0.04/0.10/0.82     0.21  FALLBACK
  rnorm    -57.7408  32.3%   8.61   32.5%   32.6%  -0.096  0.04/0.03/0.09/0.84     0.21  FALLBACK
  dstate     1.9586  34.1%   6.59   33.3%   33.3%  +0.021  0.28/0.03/0.53/0.16     0.03  y
  dent       0.0011  34.6%   9.54   34.6%   34.6%  -0.067  0.05/0.01/0.05/0.89     0.05  y
== tau-sweep on eval per signal (steps:acc%) — read matched-compute comparisons (PROJECT.md §7 kill criterion) off these curves, not the single points ==
  curve ent     9.66:34.6 8.42:32.4 7.01:29.3 6.06:27.2 5.28:25.5 4.90:25.0 4.66:24.8 4.44:24.7 4.23:24.6 4.02:24.5 3.84:24.3 3.64:24.2 3.45:24.1 3.24:23.8 3.01:23.5 2.80:23.1 2.60:22.8 2.38:22.5 2.16:21.8 1.93:21.3 1.71:20.9 1.50:20.4 1.31:19.9 1.15:19.6 1.03:19.2
  curve recon   8.44:32.0 6.81:28.4 6.19:27.5 5.73:26.7 5.32:26.1 4.93:25.5 4.57:25.0 4.12:24.6 3.68:24.1 3.16:23.1 2.66:22.5 2.19:21.8 1.70:20.7 1.38:20.1 1.23:19.8 1.10:19.5 1.04:19.4 1.01:19.3 1.00:19.2 1.00:19.2 1.00:19.2 1.00:19.2 1.00:19.2 1.00:19.2 1.00:19.2
  curve rnorm   8.61:32.3 7.76:30.9 7.20:30.0 6.68:29.2 6.15:28.2 5.61:27.6 4.99:26.7 4.32:25.7 3.67:24.7 3.10:23.7 2.68:23.0 2.30:22.3 2.00:21.5 1.79:21.0 1.66:20.9 1.57:20.6 1.50:20.3 1.43:20.0 1.35:19.8 1.25:19.5 1.18:19.3 1.11:19.2 1.07:19.1 1.04:19.2 1.02:19.2
  curve dstate  9.82:34.9 9.48:34.9 9.11:34.9 8.79:34.8 8.46:34.7 8.15:34.6 7.84:34.4 7.54:34.3 7.22:34.2 6.91:34.2 6.59:34.1 6.25:33.9 5.92:33.6 5.55:33.4 5.16:32.9 4.76:32.5 4.35:31.9 3.95:31.0 3.55:29.8 3.13:28.0 2.74:26.1 2.36:24.5 1.94:23.5 1.53:21.8 1.16:20.1
  curve dent    9.54:34.6 8.81:34.1 8.19:33.6 7.58:33.0 7.07:32.2 6.57:31.7 6.14:31.1 5.77:30.6 5.42:30.3 5.14:30.0 4.83:29.5 4.56:29.0 4.33:28.7 4.09:28.3 3.90:27.9 3.72:27.5 3.56:27.2 3.38:26.7 3.23:26.4 3.07:26.1 2.91:25.6 2.75:25.1 2.56:24.5 2.32:23.4 2.13:22.7
saved figure -> results/bakeoff_reachp_s5.png
=== seed 6 ===
device=cpu | params=0.22M | n=20 m=3 Q=10 T=8
== train (memory persists across the stream) ==
  step     1 | loss 3.1716
  step   300 | loss 1.6234
  step   600 | loss 1.5510
  step   900 | loss 1.4811
  step  1200 | loss 1.5212
  step  1500 | loss 1.4731
  step  1800 | loss 1.4352
  step  2100 | loss 1.4392
  step  2400 | loss 1.3921
  step  2700 | loss 1.4323
  step  3000 | loss 1.3982
saved ckpt -> results/ckpt_rule_s6.pt
== eval (per-config tau, held-out calibration) ==
  fixed   | acc   6.1% | steps 8.00 | acc/q 5 5 7 7 7 8 5 6 6 5
  +halt   | acc   5.4% | steps 1.54 | acc/q 6 5 5 6 5 6 5 5 5 5
  persist | acc  50.1% | steps 8.00 | acc/q 5 18 32 42 52 59 64 70 78 82
  both    | acc  49.9% | steps 2.32 | acc/q 5 18 31 42 53 59 65 69 76 82
== headline (both) ==
  accuracy: q0=5% -> q9=82%  (Δ +76pp)
  steps   : q0=7.93  -> q9=1.19   (Δ -6.75)
  corr(answerable, surprise@0) = -0.969  (expect negative: seen->low surprise)
saved figure -> results/rule_s6.png
device=cpu | params=0.22M | n=24 m=5 Q=12 T=10 kcap=8
== train (memory persists across the stream) ==
  step     1 | loss 3.3137
  step   300 | loss 2.7878
  step   600 | loss 2.6968
  step   900 | loss 2.6496
  step  1200 | loss 2.5203
  step  1500 | loss 2.4496
  step  1800 | loss 2.4931
  step  2100 | loss 2.3287
  step  2400 | loss 2.3654
  step  2700 | loss 2.3313
  step  3000 | loss 2.3290
  step  3300 | loss 2.2774
  step  3600 | loss 2.1832
  step  3900 | loss 2.2306
saved ckpt -> results/ckpt_reachp_s6.pt
== eval (per-config tau, held-out calibration) ==
  fixed   | acc  21.4% | steps 10.00 | acc/q 20 22 22 22 23 21 20 21 22 20 24 21
  +halt   | acc  16.6% | steps 3.03 | acc/q 16 18 16 16 17 17 16 19 17 16 17 16
  persist | acc  35.7% | steps 10.00 | acc/q 20 28 32 35 39 39 38 39 39 38 42 38
  both    | acc  25.7% | steps 5.38 | acc/q 20 23 24 25 25 26 27 29 28 27 27 28
== depth vs difficulty K (both; answerable & correct) ==
  K=0: halt-step 1.86  (n=927)
  K=1: halt-step 2.32  (n=536)
  K=2: halt-step 9.05  (n=65)
  K=3: halt-step 9.66  (n=58)
  K=4: halt-step 10.00  (n=45)
  K=5: halt-step 10.00  (n=36)
  K=6: halt-step 10.00  (n=26)
  K=7: halt-step 10.00  (n=24)
  K=8: halt-step 10.00  (n=23)
== surprise vs miss: corr(answerable, surprise) = -0.311 ==
== amortization (both): acc q0=20% -> q11=28% ==
saved figure -> results/reachp_s6.png
task=rule | device=cpu | params=0.22M | seed=6
== loaded checkpoint results/ckpt_rule_s6.pt (skip training; eval batches are fresh draws) ==
== eval (N=10000, T=8) | no-halt acc 50.9% @ 8 steps ==
== fixed-depth frontier (compute-matched control) ==
  fixed t= 1 | acc  48.4%
  fixed t= 2 | acc  50.6%
  fixed t= 3 | acc  51.0%
  fixed t= 4 | acc  51.1%
  fixed t= 5 | acc  51.0%
  fixed t= 6 | acc  51.0%
  fixed t= 7 | acc  51.0%
  fixed t= 8 | acc  50.9%
== signal arms (tau on held-out calib; shuf_g/shuf_b = global/within-block nulls) ==
  signal        tau    acc  steps  shuf_g  shuf_b    corr  er/pm/wa/fd  pm|halt  tau_ok
  ent        2.6892  50.1%   2.26   49.5%   49.4%  -0.969  0.49/0.03/0.35/0.13     0.03  y
  recon     99.7538  49.9%   1.85   49.2%   49.3%  -0.765  0.50/0.03/0.45/0.02     0.03  y
  rnorm     -5.0128  49.9%   2.71   49.2%   49.1%  -0.647  0.47/0.03/0.28/0.23     0.04  y
  dstate    69.4257  50.0%   1.80   50.1%   50.3%  +0.640  0.50/0.04/0.46/-0.00     0.04  y
  dent       0.3494  50.7%   2.14   50.6%   50.7%  -0.188  0.51/0.03/0.46/0.00     0.03  y
== tau-sweep on eval per signal (steps:acc%) — read matched-compute comparisons (PROJECT.md §7 kill criterion) off these curves, not the single points ==
  curve ent     7.75:50.9 7.42:50.9 7.13:50.9 6.87:50.9 6.63:50.9 6.39:50.9 6.14:50.9 5.87:50.9 5.60:50.9 5.36:50.9 5.13:50.9 4.91:51.0 4.65:50.9 4.39:51.0 4.07:51.0 3.78:51.1 3.46:51.0 3.19:50.8 2.86:50.6 2.53:50.3 2.26:50.1 1.92:49.5 1.50:48.9 1.24:48.7 1.09:48.5
  curve recon   6.93:50.9 5.49:50.9 5.16:51.0 4.99:50.9 4.83:50.9 4.65:50.9 4.46:50.8 4.30:50.7 4.12:50.7 3.96:50.7 3.80:50.7 3.61:50.7 3.42:50.7 3.23:50.5 3.03:50.4 2.84:50.3 2.65:50.2 2.46:50.2 2.26:50.2 2.04:50.1 1.85:49.9 1.63:49.5 1.43:49.3 1.25:49.0 1.09:48.6
  curve rnorm   6.93:50.9 4.95:50.7 3.64:50.3 2.71:49.9 2.06:49.5 1.61:49.1 1.38:48.9 1.26:48.8 1.18:48.8 1.13:48.7 1.10:48.7 1.09:48.7 1.07:48.6 1.06:48.6 1.05:48.6 1.04:48.6 1.04:48.6 1.03:48.5 1.02:48.5 1.02:48.5 1.02:48.5 1.01:48.5 1.01:48.5 1.00:48.4 1.00:48.4
  curve dstate  7.86:50.9 7.58:51.0 7.28:51.0 6.98:51.0 6.64:51.2 6.32:51.1 6.01:51.1 5.69:51.1 5.37:51.1 5.03:51.0 4.72:51.1 4.43:51.1 4.19:51.1 3.95:50.9 3.72:50.9 3.46:50.7 3.19:50.6 2.92:50.6 2.66:50.6 2.39:50.6 2.15:50.6 2.02:50.6 1.80:50.0 1.48:48.8 1.15:48.4
  curve dent    7.63:50.9 7.16:50.9 6.94:50.9 6.76:51.0 6.60:51.0 6.43:51.0 6.18:50.9 5.84:50.9 5.51:50.9 5.13:50.9 4.81:50.9 4.53:50.8 4.32:50.9 4.17:50.9 4.05:50.8 3.93:50.8 3.80:50.9 3.67:50.9 3.52:51.0 3.33:50.9 3.11:51.0 2.87:50.9 2.64:50.9 2.41:50.9 2.14:50.7
saved figure -> results/bakeoff_rule_s6.png
task=reachp | device=cpu | params=0.22M | seed=6
== loaded checkpoint results/ckpt_reachp_s6.pt (skip training; eval batches are fresh draws) ==
== eval (N=12000, T=10) | no-halt acc 35.0% @ 10 steps ==
== fixed-depth frontier (compute-matched control) ==
  fixed t= 1 | acc  19.0%
  fixed t= 2 | acc  22.9%
  fixed t= 3 | acc  27.3%
  fixed t= 4 | acc  30.6%
  fixed t= 5 | acc  32.4%
  fixed t= 6 | acc  33.5%
  fixed t= 7 | acc  34.1%
  fixed t= 8 | acc  34.5%
  fixed t= 9 | acc  34.8%
  fixed t=10 | acc  35.0%
== signal arms (tau on held-out calib; shuf_g/shuf_b = global/within-block nulls) ==
  signal        tau    acc  steps  shuf_g  shuf_b    corr  er/pm/wa/fd  pm|halt  tau_ok
  ent        0.0919  34.6%   9.59   34.4%   34.4%  -0.312  0.04/0.00/0.01/0.94     0.08  y
  recon     13.5699  32.0%   8.46   32.4%   32.4%  -0.167  0.04/0.04/0.09/0.83     0.22  FALLBACK
  rnorm    -62.2676  32.6%   8.69   32.8%   32.8%  -0.096  0.04/0.03/0.08/0.85     0.21  FALLBACK
  dstate     3.7020  33.1%   5.50   32.3%   32.3%  +0.021  0.32/0.04/0.61/0.02     0.04  y
  dent       0.0028  34.4%   8.85   34.1%   34.2%  -0.082  0.10/0.01/0.15/0.73     0.05  y
== tau-sweep on eval per signal (steps:acc%) — read matched-compute comparisons (PROJECT.md §7 kill criterion) off these curves, not the single points ==
  curve ent     9.59:34.6 8.06:31.7 6.57:28.3 5.78:26.6 5.10:25.2 4.80:24.8 4.57:24.6 4.34:24.5 4.14:24.3 3.93:24.2 3.72:24.1 3.52:24.0 3.31:23.7 3.10:23.5 2.91:23.3 2.72:22.9 2.53:22.5 2.34:22.2 2.12:21.6 1.90:21.1 1.69:20.7 1.49:20.0 1.31:19.6 1.15:19.4 1.04:19.1
  curve recon   8.46:32.0 6.95:29.0 6.36:27.9 5.90:27.3 5.48:26.8 5.07:26.2 4.69:25.4 4.30:24.8 3.87:24.2 3.36:23.3 2.92:22.7 2.38:21.7 1.93:20.8 1.70:20.3 1.59:20.2 1.48:20.1 1.36:20.0 1.24:19.7 1.17:19.5 1.12:19.3 1.09:19.3 1.05:19.1 1.02:18.9 1.00:19.0 1.00:19.0
  curve rnorm   8.69:32.6 7.74:30.9 7.14:29.8 6.63:29.2 6.12:28.3 5.62:27.6 5.09:26.9 4.47:25.9 3.77:24.8 3.15:23.8 2.58:22.7 2.12:21.8 1.82:21.1 1.61:20.4 1.48:20.0 1.38:20.0 1.28:19.9 1.20:19.5 1.14:19.4 1.09:19.3 1.07:19.2 1.04:19.1 1.03:19.0 1.02:19.0 1.01:19.0
  curve dstate  9.79:35.0 9.43:34.9 9.10:34.8 8.81:34.6 8.50:34.6 8.21:34.6 7.90:34.5 7.58:34.3 7.24:34.3 6.92:34.1 6.58:33.9 6.22:33.7 5.85:33.5 5.50:33.1 5.12:32.8 4.72:32.2 4.32:31.5 3.93:30.6 3.52:29.4 3.11:27.8 2.75:26.4 2.35:25.1 1.93:23.6 1.50:21.5 1.14:19.7
  curve dent    9.54:34.8 8.85:34.4 8.26:33.8 7.72:33.2 7.22:32.7 6.77:31.9 6.37:31.5 6.00:30.8 5.62:30.3 5.27:29.9 4.96:29.5 4.67:29.1 4.41:28.9 4.16:28.5 3.94:28.3 3.72:27.9 3.55:27.6 3.38:27.3 3.21:27.0 3.06:26.6 2.90:26.2 2.73:25.6 2.53:24.9 2.32:24.1 2.13:23.3
saved figure -> results/bakeoff_reachp_s6.png
=== seed 7 ===
device=cpu | params=0.22M | n=20 m=3 Q=10 T=8
== train (memory persists across the stream) ==
  step     1 | loss 3.1072
  step   300 | loss 1.5216
  step   600 | loss 1.4738
  step   900 | loss 1.5117
  step  1200 | loss 1.4266
  step  1500 | loss 1.4282
  step  1800 | loss 1.4385
  step  2100 | loss 1.4598
  step  2400 | loss 1.3895
  step  2700 | loss 1.3745
  step  3000 | loss 1.4261
saved ckpt -> results/ckpt_rule_s7.pt
== eval (per-config tau, held-out calibration) ==
  fixed   | acc   6.3% | steps 8.00 | acc/q 7 6 6 5 6 7 7 6 6 6
  +halt   | acc   5.4% | steps 1.57 | acc/q 5 4 6 5 6 5 5 6 6 5
  persist | acc  50.7% | steps 8.00 | acc/q 7 18 33 43 52 61 65 69 77 81
  both    | acc  50.6% | steps 2.61 | acc/q 7 18 33 43 53 60 64 70 77 80
== headline (both) ==
  accuracy: q0=7% -> q9=80%  (Δ +73pp)
  steps   : q0=7.93  -> q9=1.22   (Δ -6.72)
  corr(answerable, surprise@0) = -0.968  (expect negative: seen->low surprise)
saved figure -> results/rule_s7.png
device=cpu | params=0.22M | n=24 m=5 Q=12 T=10 kcap=8
== train (memory persists across the stream) ==
  step     1 | loss 3.3219
  step   300 | loss 2.7773
  step   600 | loss 2.6447
  step   900 | loss 2.6050
  step  1200 | loss 2.5891
  step  1500 | loss 2.4670
  step  1800 | loss 2.4821
  step  2100 | loss 2.4845
  step  2400 | loss 2.4640
  step  2700 | loss 2.3638
  step  3000 | loss 2.2791
  step  3300 | loss 2.3454
  step  3600 | loss 2.2627
  step  3900 | loss 2.3581
saved ckpt -> results/ckpt_reachp_s7.pt
== eval (per-config tau, held-out calibration) ==
  fixed   | acc  21.1% | steps 10.00 | acc/q 20 22 19 22 23 21 22 23 22 19 19 20
  +halt   | acc  16.5% | steps 2.99 | acc/q 15 16 17 16 19 18 17 16 18 15 18 16
  persist | acc  34.8% | steps 10.00 | acc/q 20 29 30 34 36 39 39 39 40 39 37 37
  both    | acc  25.7% | steps 5.25 | acc/q 19 24 23 25 24 28 27 27 29 26 28 27
== depth vs difficulty K (both; answerable & correct) ==
  K=0: halt-step 1.63  (n=915)
  K=1: halt-step 1.87  (n=588)
  K=2: halt-step 7.97  (n=70)
  K=3: halt-step 9.49  (n=39)
  K=4: halt-step 9.58  (n=43)
  K=5: halt-step 9.74  (n=23)
  K=6: halt-step 9.79  (n=24)
  K=7: halt-step 9.74  (n=23)
  K=8: halt-step 9.32  (n=28)
== surprise vs miss: corr(answerable, surprise) = -0.301 ==
== amortization (both): acc q0=19% -> q11=27% ==
saved figure -> results/reachp_s7.png
task=rule | device=cpu | params=0.22M | seed=7
== loaded checkpoint results/ckpt_rule_s7.pt (skip training; eval batches are fresh draws) ==
== eval (N=10000, T=8) | no-halt acc 50.3% @ 8 steps ==
== fixed-depth frontier (compute-matched control) ==
  fixed t= 1 | acc  48.3%
  fixed t= 2 | acc  50.5%
  fixed t= 3 | acc  50.7%
  fixed t= 4 | acc  50.5%
  fixed t= 5 | acc  50.6%
  fixed t= 6 | acc  50.6%
  fixed t= 7 | acc  50.6%
  fixed t= 8 | acc  50.3%
== signal arms (tau on held-out calib; shuf_g/shuf_b = global/within-block nulls) ==
  signal        tau    acc  steps  shuf_g  shuf_b    corr  er/pm/wa/fd  pm|halt  tau_ok
  ent        2.6918  49.7%   2.21   49.3%   49.2%  -0.968  0.49/0.03/0.36/0.12     0.03  y
  recon    101.2180  50.0%   3.14   49.2%   49.2%  -0.783  0.45/0.02/0.29/0.24     0.02  y
  rnorm     -4.6384  49.5%   2.57   48.9%   48.8%  -0.648  0.47/0.03/0.29/0.21     0.03  y
  dstate    67.1787  49.8%   1.79   49.9%   50.0%  +0.644  0.50/0.03/0.47/0.00     0.03  y
  dent       0.3238  50.5%   2.14   50.5%   50.5%  -0.131  0.50/0.03/0.47/-0.00     0.03  y
== tau-sweep on eval per signal (steps:acc%) — read matched-compute comparisons (PROJECT.md §7 kill criterion) off these curves, not the single points ==
  curve ent     7.75:50.3 7.34:50.3 7.06:50.3 6.81:50.3 6.57:50.3 6.34:50.3 6.10:50.3 5.84:50.3 5.60:50.3 5.33:50.3 5.06:50.3 4.83:50.4 4.59:50.5 4.28:50.4 3.95:50.5 3.67:50.6 3.36:50.4 3.06:50.4 2.77:50.4 2.47:50.1 2.21:49.7 1.88:49.3 1.52:48.8 1.24:48.5 1.09:48.4
  curve recon   6.85:50.3 5.49:50.3 5.03:50.3 4.66:50.2 4.36:50.1 4.11:50.0 3.89:50.1 3.69:50.0 3.50:50.1 3.33:50.0 3.14:50.0 3.00:50.0 2.85:50.0 2.69:49.9 2.54:49.7 2.41:49.7 2.28:49.6 2.14:49.6 2.02:49.6 1.88:49.6 1.74:49.5 1.59:49.3 1.44:49.2 1.29:49.0 1.11:48.6
  curve rnorm   6.86:50.3 4.82:50.3 3.56:49.8 2.57:49.5 1.91:49.1 1.51:48.8 1.31:48.6 1.20:48.5 1.13:48.5 1.10:48.5 1.07:48.4 1.05:48.4 1.04:48.4 1.04:48.4 1.03:48.4 1.03:48.4 1.02:48.3 1.02:48.3 1.02:48.3 1.01:48.3 1.01:48.3 1.01:48.3 1.00:48.3 1.00:48.3 1.00:48.3
  curve dstate  7.88:50.3 7.59:50.5 7.30:50.5 7.00:50.5 6.69:50.6 6.37:50.6 6.05:50.5 5.77:50.5 5.48:50.5 5.19:50.5 4.88:50.7 4.60:50.7 4.35:50.7 4.14:50.7 3.94:50.7 3.71:50.5 3.42:50.4 3.13:50.4 2.81:50.4 2.52:50.5 2.25:50.5 2.06:50.5 1.79:49.8 1.48:48.7 1.16:48.3
  curve dent    7.57:50.3 7.04:50.3 6.80:50.3 6.64:50.4 6.50:50.4 6.34:50.4 6.10:50.4 5.81:50.4 5.48:50.4 5.15:50.3 4.81:50.3 4.56:50.3 4.34:50.3 4.18:50.3 4.04:50.4 3.90:50.4 3.79:50.5 3.66:50.5 3.51:50.6 3.34:50.6 3.12:50.6 2.88:50.6 2.64:50.6 2.40:50.5 2.14:50.5
saved figure -> results/bakeoff_rule_s7.png
task=reachp | device=cpu | params=0.22M | seed=7
== loaded checkpoint results/ckpt_reachp_s7.pt (skip training; eval batches are fresh draws) ==
== eval (N=12000, T=10) | no-halt acc 34.5% @ 10 steps ==
== fixed-depth frontier (compute-matched control) ==
  fixed t= 1 | acc  18.5%
  fixed t= 2 | acc  22.7%
  fixed t= 3 | acc  27.0%
  fixed t= 4 | acc  30.4%
  fixed t= 5 | acc  32.1%
  fixed t= 6 | acc  33.2%
  fixed t= 7 | acc  33.7%
  fixed t= 8 | acc  33.9%
  fixed t= 9 | acc  34.4%
  fixed t=10 | acc  34.5%
== signal arms (tau on held-out calib; shuf_g/shuf_b = global/within-block nulls) ==
  signal        tau    acc  steps  shuf_g  shuf_b    corr  er/pm/wa/fd  pm|halt  tau_ok
  ent        0.0947  34.3%   9.78   34.2%   34.2%  -0.296  0.03/0.00/0.00/0.96     0.05  y
  recon     15.4508  31.3%   8.43   31.6%   31.8%  -0.165  0.04/0.04/0.10/0.82     0.22  FALLBACK
  rnorm    -58.2911  31.6%   8.53   32.0%   31.9%  -0.088  0.04/0.04/0.09/0.83     0.21  FALLBACK
  dstate     2.3328  33.4%   6.49   32.8%   32.7%  +0.015  0.27/0.03/0.53/0.17     0.04  y
  dent       0.0036  33.5%   8.81   33.5%   33.5%  -0.059  0.11/0.02/0.14/0.74     0.06  y
== tau-sweep on eval per signal (steps:acc%) — read matched-compute comparisons (PROJECT.md §7 kill criterion) off these curves, not the single points ==
  curve ent     9.78:34.3 8.53:32.1 6.91:28.5 5.94:26.6 5.21:25.0 4.87:24.5 4.63:24.3 4.42:24.3 4.20:24.2 3.98:24.0 3.75:23.9 3.54:23.7 3.35:23.5 3.13:23.3 2.93:23.0 2.73:22.7 2.53:22.4 2.34:22.0 2.11:21.5 1.87:20.9 1.67:20.3 1.48:20.0 1.31:19.4 1.16:19.0 1.04:18.7
  curve recon   8.43:31.3 6.94:28.5 6.31:27.6 5.84:27.0 5.40:26.3 4.96:25.7 4.56:25.0 4.22:24.5 3.91:24.0 3.61:23.4 3.32:23.0 3.03:22.4 2.72:21.8 2.33:21.2 1.91:20.2 1.62:19.8 1.39:19.4 1.26:19.0 1.16:18.8 1.09:18.6 1.03:18.5 1.01:18.5 1.00:18.5 1.00:18.5 1.00:18.5
  curve rnorm   8.53:31.6 7.72:30.1 7.18:29.5 6.66:28.8 6.16:28.0 5.64:27.3 5.03:26.4 4.47:25.7 3.85:24.8 3.24:23.7 2.73:22.8 2.27:21.9 1.92:21.1 1.69:20.5 1.52:20.0 1.38:19.7 1.28:19.4 1.19:19.3 1.14:19.1 1.09:18.9 1.06:18.8 1.04:18.6 1.03:18.6 1.02:18.5 1.01:18.5
  curve dstate  9.80:34.4 9.41:34.3 9.03:34.2 8.68:34.2 8.34:34.1 8.04:33.9 7.73:33.8 7.42:33.7 7.11:33.5 6.82:33.6 6.49:33.4 6.17:33.3 5.85:33.1 5.50:33.0 5.12:32.7 4.74:32.1 4.34:31.6 3.97:30.8 3.56:29.5 3.15:27.7 2.76:26.1 2.38:24.5 1.98:23.2 1.54:21.1 1.16:19.4
  curve dent    9.52:34.1 8.81:33.5 8.21:33.0 7.67:32.6 7.09:32.2 6.59:31.7 6.15:31.1 5.74:30.4 5.37:30.1 5.06:29.8 4.79:29.4 4.51:29.0 4.27:28.6 4.06:28.4 3.85:28.1 3.67:27.8 3.50:27.4 3.34:27.1 3.19:26.8 3.04:26.3 2.89:25.8 2.74:25.2 2.55:24.6 2.32:23.8 2.13:23.1
saved figure -> results/bakeoff_reachp_s7.png
=== seed 8 ===
device=cpu | params=0.22M | n=20 m=3 Q=10 T=8
== train (memory persists across the stream) ==
  step     1 | loss 3.1370
  step   300 | loss 1.5580
  step   600 | loss 1.4177
  step   900 | loss 1.5381
  step  1200 | loss 1.4299
  step  1500 | loss 1.4789
  step  1800 | loss 1.5140
  step  2100 | loss 1.4876
  step  2400 | loss 1.4408
  step  2700 | loss 1.3261
  step  3000 | loss 1.3875
saved ckpt -> results/ckpt_rule_s8.pt
== eval (per-config tau, held-out calibration) ==
  fixed   | acc   6.0% | steps 8.00 | acc/q 6 5 5 7 5 7 8 6 5 5
  +halt   | acc   5.5% | steps 1.54 | acc/q 4 6 6 7 5 6 5 5 4 7
  persist | acc  50.7% | steps 8.00 | acc/q 6 21 33 41 53 58 68 71 76 80
  both    | acc  50.7% | steps 2.43 | acc/q 6 20 33 42 53 59 67 70 76 80
== headline (both) ==
  accuracy: q0=6% -> q9=80%  (Δ +74pp)
  steps   : q0=7.86  -> q9=1.21   (Δ -6.65)
  corr(answerable, surprise@0) = -0.969  (expect negative: seen->low surprise)
saved figure -> results/rule_s8.png
device=cpu | params=0.22M | n=24 m=5 Q=12 T=10 kcap=8
== train (memory persists across the stream) ==
  step     1 | loss 3.3471
  step   300 | loss 2.8330
  step   600 | loss 2.6914
  step   900 | loss 2.6712
  step  1200 | loss 2.5381
  step  1500 | loss 2.5855
  step  1800 | loss 2.4967
  step  2100 | loss 2.3970
  step  2400 | loss 2.4160
  step  2700 | loss 2.3358
  step  3000 | loss 2.2869
  step  3300 | loss 2.2777
  step  3600 | loss 2.3861
  step  3900 | loss 2.3168
saved ckpt -> results/ckpt_reachp_s8.pt
== eval (per-config tau, held-out calibration) ==
  fixed   | acc  21.0% | steps 10.00 | acc/q 21 21 20 19 22 20 22 23 20 22 21 22
  +halt   | acc  15.8% | steps 2.57 | acc/q 15 14 17 16 16 12 17 17 17 16 17 16
  persist | acc  35.0% | steps 10.00 | acc/q 21 25 29 35 37 38 39 38 39 38 39 42
  both    | acc  26.0% | steps 5.39 | acc/q 19 20 23 25 25 27 29 28 28 28 27 31
== depth vs difficulty K (both; answerable & correct) ==
  K=0: halt-step 1.99  (n=885)
  K=1: halt-step 2.03  (n=633)
  K=2: halt-step 8.98  (n=63)
  K=3: halt-step 9.49  (n=39)
  K=4: halt-step 10.00  (n=49)
  K=5: halt-step 10.00  (n=27)
  K=6: halt-step 10.00  (n=23)
  K=7: halt-step 10.00  (n=25)
  K=8: halt-step 10.00  (n=33)
== surprise vs miss: corr(answerable, surprise) = -0.297 ==
== amortization (both): acc q0=19% -> q11=31% ==
saved figure -> results/reachp_s8.png
task=rule | device=cpu | params=0.22M | seed=8
== loaded checkpoint results/ckpt_rule_s8.pt (skip training; eval batches are fresh draws) ==
== eval (N=10000, T=8) | no-halt acc 50.5% @ 8 steps ==
== fixed-depth frontier (compute-matched control) ==
  fixed t= 1 | acc  48.6%
  fixed t= 2 | acc  50.4%
  fixed t= 3 | acc  50.4%
  fixed t= 4 | acc  50.4%
  fixed t= 5 | acc  50.6%
  fixed t= 6 | acc  50.4%
  fixed t= 7 | acc  50.5%
  fixed t= 8 | acc  50.5%
== signal arms (tau on held-out calib; shuf_g/shuf_b = global/within-block nulls) ==
  signal        tau    acc  steps  shuf_g  shuf_b    corr  er/pm/wa/fd  pm|halt  tau_ok
  ent        2.7507  49.5%   1.93   49.3%   49.2%  -0.970  0.49/0.04/0.38/0.09     0.04  y
  recon    102.4230  49.8%   1.83   49.4%   49.3%  -0.766  0.49/0.03/0.46/0.01     0.03  y
  rnorm     -5.8584  49.8%   3.43   49.4%   49.2%  -0.638  0.44/0.02/0.19/0.34     0.03  y
  dstate    68.8058  49.7%   1.79   50.1%   50.1%  +0.638  0.50/0.04/0.46/-0.00     0.04  y
  dent       0.3379  50.4%   2.13   50.4%   50.4%  -0.160  0.50/0.03/0.46/-0.00     0.03  y
== tau-sweep on eval per signal (steps:acc%) — read matched-compute comparisons (PROJECT.md §7 kill criterion) off these curves, not the single points ==
  curve ent     7.74:50.5 7.41:50.5 7.18:50.5 6.95:50.5 6.70:50.5 6.40:50.5 6.12:50.5 5.84:50.5 5.57:50.5 5.33:50.5 5.09:50.5 4.87:50.5 4.61:50.5 4.28:50.5 4.00:50.3 3.73:50.4 3.43:50.5 3.15:50.4 2.87:50.4 2.56:50.2 2.24:50.0 1.93:49.5 1.59:49.2 1.30:49.1 1.13:48.7
  curve recon   6.96:50.5 5.52:50.5 5.12:50.4 4.88:50.3 4.67:50.3 4.52:50.4 4.38:50.4 4.24:50.3 4.11:50.2 3.96:50.3 3.83:50.2 3.69:50.2 3.53:50.2 3.37:50.3 3.20:50.3 3.05:50.3 2.87:50.3 2.67:50.2 2.48:50.2 2.27:50.1 2.05:50.0 1.83:49.8 1.62:49.6 1.39:49.4 1.12:48.9
  curve rnorm   6.97:50.5 4.75:50.4 3.43:49.8 2.53:49.4 1.85:49.3 1.45:49.0 1.26:49.0 1.16:49.0 1.12:48.9 1.08:48.8 1.07:48.8 1.05:48.8 1.04:48.7 1.03:48.7 1.03:48.7 1.02:48.7 1.02:48.6 1.01:48.6 1.01:48.6 1.01:48.6 1.01:48.6 1.01:48.6 1.00:48.6 1.00:48.6 1.00:48.6
  curve dstate  7.88:50.5 7.60:50.6 7.30:50.4 7.01:50.6 6.71:50.6 6.43:50.5 6.14:50.4 5.85:50.3 5.54:50.4 5.23:50.3 4.90:50.4 4.60:50.5 4.31:50.4 4.05:50.4 3.83:50.4 3.56:50.3 3.29:50.5 3.01:50.4 2.74:50.4 2.47:50.4 2.23:50.4 2.05:50.4 1.79:49.7 1.48:49.0 1.15:48.6
  curve dent    7.70:50.5 7.28:50.5 7.01:50.5 6.81:50.5 6.65:50.4 6.42:50.4 6.12:50.4 5.79:50.3 5.44:50.3 5.13:50.4 4.86:50.4 4.61:50.4 4.40:50.4 4.25:50.5 4.11:50.4 3.98:50.4 3.86:50.4 3.71:50.4 3.55:50.5 3.34:50.4 3.10:50.4 2.87:50.5 2.63:50.4 2.40:50.4 2.13:50.4
saved figure -> results/bakeoff_rule_s8.png
task=reachp | device=cpu | params=0.22M | seed=8
== loaded checkpoint results/ckpt_reachp_s8.pt (skip training; eval batches are fresh draws) ==
== eval (N=12000, T=10) | no-halt acc 34.7% @ 10 steps ==
== fixed-depth frontier (compute-matched control) ==
  fixed t= 1 | acc  19.3%
  fixed t= 2 | acc  23.9%
  fixed t= 3 | acc  28.3%
  fixed t= 4 | acc  31.0%
  fixed t= 5 | acc  33.2%
  fixed t= 6 | acc  34.1%
  fixed t= 7 | acc  34.3%
  fixed t= 8 | acc  34.4%
  fixed t= 9 | acc  34.6%
  fixed t=10 | acc  34.7%
== signal arms (tau on held-out calib; shuf_g/shuf_b = global/within-block nulls) ==
  signal        tau    acc  steps  shuf_g  shuf_b    corr  er/pm/wa/fd  pm|halt  tau_ok
  ent        0.0964  34.2%   9.50   34.1%   34.0%  -0.308  0.04/0.01/0.02/0.93     0.09  y
  recon     15.6548  31.5%   8.34   31.9%   31.9%  -0.177  0.04/0.04/0.11/0.81     0.21  FALLBACK
  rnorm    -58.7817  31.7%   8.49   32.3%   32.2%  -0.089  0.04/0.04/0.10/0.83     0.21  FALLBACK
  dstate     2.4993  33.6%   5.87   33.0%   33.0%  +0.015  0.29/0.03/0.60/0.08     0.04  y
  dent       0.0011  34.4%   9.49   34.4%   34.4%  -0.075  0.06/0.01/0.05/0.88     0.05  y
== tau-sweep on eval per signal (steps:acc%) — read matched-compute comparisons (PROJECT.md §7 kill criterion) off these curves, not the single points ==
  curve ent     9.50:34.2 8.04:31.4 6.68:28.4 5.86:26.5 5.23:25.3 4.91:24.9 4.72:24.7 4.51:24.5 4.30:24.4 4.10:24.3 3.89:24.1 3.69:24.1 3.49:24.0 3.30:23.8 3.10:23.6 2.92:23.4 2.74:23.1 2.55:22.8 2.34:22.4 2.15:21.8 1.93:21.3 1.71:20.7 1.49:20.3 1.25:19.9 1.08:19.5
  curve recon   8.34:31.5 6.75:28.6 6.15:27.5 5.64:26.7 5.20:25.9 4.76:25.5 4.35:24.8 3.96:24.2 3.49:23.4 2.92:22.5 2.42:21.8 1.88:20.8 1.50:20.2 1.27:19.9 1.13:19.7 1.04:19.4 1.01:19.4 1.00:19.3 1.00:19.3 1.00:19.3 1.00:19.3 1.00:19.3 1.00:19.3 1.00:19.3 1.00:19.3
  curve rnorm   8.49:31.7 7.59:30.2 7.07:29.5 6.62:29.0 6.21:28.5 5.81:27.9 5.35:27.3 4.85:26.6 4.33:25.8 3.79:25.2 3.29:24.6 2.89:23.9 2.55:23.3 2.26:22.7 2.03:22.2 1.87:21.8 1.72:21.4 1.59:21.1 1.49:20.7 1.40:20.4 1.33:20.1 1.27:20.0 1.20:19.8 1.12:19.5 1.05:19.3
  curve dstate  9.84:34.6 9.49:34.7 9.13:34.5 8.81:34.6 8.44:34.5 8.10:34.3 7.76:34.3 7.45:34.2 7.14:34.0 6.83:34.1 6.50:34.0 6.19:33.8 5.87:33.6 5.52:33.4 5.15:33.0 4.78:32.7 4.41:32.4 4.03:31.8 3.62:30.7 3.21:29.6 2.81:27.8 2.41:26.1 2.00:24.6 1.57:22.4 1.17:20.4
  curve dent    9.49:34.4 8.74:33.8 8.10:33.3 7.45:32.7 6.84:32.3 6.37:31.9 5.92:31.5 5.53:31.0 5.19:30.7 4.91:30.5 4.64:30.2 4.39:29.9 4.16:29.5 3.96:29.2 3.77:28.9 3.62:28.6 3.47:28.3 3.32:28.1 3.19:27.8 3.05:27.6 2.90:27.3 2.75:26.7 2.57:26.2 2.34:25.2 2.14:24.5
saved figure -> results/bakeoff_reachp_s8.png
=== seed 9 ===
device=cpu | params=0.22M | n=20 m=3 Q=10 T=8
== train (memory persists across the stream) ==
  step     1 | loss 3.1201
  step   300 | loss 1.6197
  step   600 | loss 1.5892
  step   900 | loss 1.4436
  step  1200 | loss 1.5012
  step  1500 | loss 1.4971
  step  1800 | loss 1.3939
  step  2100 | loss 1.4516
  step  2400 | loss 1.3337
  step  2700 | loss 1.3780
  step  3000 | loss 1.3501
saved ckpt -> results/ckpt_rule_s9.pt
== eval (per-config tau, held-out calibration) ==
  fixed   | acc   5.7% | steps 8.00 | acc/q 5 5 4 6 7 6 6 6 6 6
  +halt   | acc   4.9% | steps 1.55 | acc/q 5 4 4 5 5 5 6 3 6 6
  persist | acc  50.5% | steps 8.00 | acc/q 5 19 32 43 52 58 66 71 77 82
  both    | acc  49.8% | steps 2.52 | acc/q 5 19 32 44 51 58 65 69 76 81
== headline (both) ==
  accuracy: q0=5% -> q9=81%  (Δ +76pp)
  steps   : q0=7.98  -> q9=1.20   (Δ -6.78)
  corr(answerable, surprise@0) = -0.968  (expect negative: seen->low surprise)
saved figure -> results/rule_s9.png
device=cpu | params=0.22M | n=24 m=5 Q=12 T=10 kcap=8
== train (memory persists across the stream) ==
  step     1 | loss 3.2983
  step   300 | loss 2.7865
  step   600 | loss 2.6811
  step   900 | loss 2.5302
  step  1200 | loss 2.4055
  step  1500 | loss 2.4399
  step  1800 | loss 2.4694
  step  2100 | loss 2.4015
  step  2400 | loss 2.3926
  step  2700 | loss 2.4113
  step  3000 | loss 2.4024
  step  3300 | loss 2.2279
  step  3600 | loss 2.3915
  step  3900 | loss 2.2806
saved ckpt -> results/ckpt_reachp_s9.pt
== eval (per-config tau, held-out calibration) ==
  fixed   | acc  20.6% | steps 10.00 | acc/q 20 24 20 22 24 19 19 23 18 21 20 19
  +halt   | acc  16.1% | steps 3.15 | acc/q 16 18 16 19 17 14 15 18 16 15 14 14
  persist | acc  34.0% | steps 10.00 | acc/q 20 30 31 36 37 34 37 39 35 35 38 35
  both    | acc  25.1% | steps 5.34 | acc/q 19 24 23 27 26 24 28 28 26 25 26 25
== depth vs difficulty K (both; answerable & correct) ==
  K=0: halt-step 1.94  (n=937)
  K=1: halt-step 1.98  (n=540)
  K=2: halt-step 9.07  (n=58)
  K=3: halt-step 9.58  (n=48)
  K=4: halt-step 9.84  (n=38)
  K=5: halt-step 10.00  (n=25)
  K=6: halt-step 9.71  (n=24)
  K=7: halt-step 10.00  (n=25)
  K=8: halt-step 10.00  (n=19)
== surprise vs miss: corr(answerable, surprise) = -0.300 ==
== amortization (both): acc q0=19% -> q11=25% ==
saved figure -> results/reachp_s9.png
task=rule | device=cpu | params=0.22M | seed=9
== loaded checkpoint results/ckpt_rule_s9.pt (skip training; eval batches are fresh draws) ==
== eval (N=10000, T=8) | no-halt acc 50.8% @ 8 steps ==
== fixed-depth frontier (compute-matched control) ==
  fixed t= 1 | acc  48.6%
  fixed t= 2 | acc  50.8%
  fixed t= 3 | acc  50.8%
  fixed t= 4 | acc  50.9%
  fixed t= 5 | acc  50.8%
  fixed t= 6 | acc  50.9%
  fixed t= 7 | acc  51.1%
  fixed t= 8 | acc  50.8%
== signal arms (tau on held-out calib; shuf_g/shuf_b = global/within-block nulls) ==
  signal        tau    acc  steps  shuf_g  shuf_b    corr  er/pm/wa/fd  pm|halt  tau_ok
  ent        2.6504  50.5%   2.46   49.8%   49.5%  -0.970  0.50/0.03/0.33/0.15     0.03  y
  recon    103.7451  50.4%   2.66   49.5%   49.6%  -0.810  0.48/0.02/0.37/0.13     0.02  y
  rnorm     -4.6525  49.9%   2.50   49.2%   49.2%  -0.655  0.47/0.03/0.30/0.20     0.04  y
  dstate    26.5448  50.8%   2.06   50.9%   50.9%  +0.648  0.51/0.03/0.46/0.00     0.03  y
  dent       0.3308  50.8%   2.14   50.8%   50.8%  -0.145  0.51/0.03/0.46/0.00     0.03  y
== tau-sweep on eval per signal (steps:acc%) — read matched-compute comparisons (PROJECT.md §7 kill criterion) off these curves, not the single points ==
  curve ent     7.70:50.8 7.29:50.8 7.00:50.8 6.76:50.8 6.50:50.8 6.24:50.8 5.97:50.8 5.72:50.8 5.49:50.8 5.23:50.8 5.01:50.8 4.77:50.8 4.50:50.9 4.23:50.8 3.94:50.8 3.65:50.8 3.33:50.8 3.05:50.7 2.76:50.7 2.46:50.5 2.19:50.2 1.89:49.7 1.50:49.3 1.24:49.0 1.10:48.6
  curve recon   6.75:50.8 5.42:50.8 5.01:50.7 4.75:50.8 4.52:50.8 4.36:50.7 4.16:50.8 3.97:50.7 3.78:50.7 3.60:50.6 3.43:50.5 3.28:50.5 3.13:50.5 2.97:50.5 2.82:50.4 2.66:50.4 2.50:50.3 2.33:50.2 2.17:50.1 1.99:50.0 1.81:49.9 1.65:49.8 1.46:49.6 1.27:49.4 1.09:48.9
  curve rnorm   6.75:50.8 4.81:50.7 3.45:50.3 2.50:49.9 1.85:49.6 1.47:49.3 1.25:49.0 1.16:48.9 1.11:48.8 1.07:48.7 1.05:48.7 1.04:48.6 1.03:48.6 1.02:48.6 1.02:48.6 1.01:48.6 1.01:48.6 1.01:48.6 1.01:48.6 1.01:48.6 1.01:48.6 1.00:48.6 1.00:48.6 1.00:48.6 1.00:48.6
  curve dstate  7.85:50.8 7.60:50.9 7.33:50.8 7.06:50.7 6.73:50.8 6.44:50.9 6.12:50.8 5.84:51.0 5.56:50.9 5.27:50.8 4.97:50.7 4.69:50.7 4.43:50.7 4.20:50.7 3.98:50.7 3.74:50.7 3.48:50.8 3.18:50.8 2.88:50.8 2.56:50.8 2.29:50.8 2.06:50.8 1.80:50.1 1.48:48.9 1.17:48.6
  curve dent    7.56:50.8 7.03:50.8 6.80:50.7 6.62:50.8 6.47:50.8 6.27:50.7 6.03:50.8 5.74:50.8 5.40:50.8 5.04:50.8 4.75:50.7 4.48:50.8 4.28:50.8 4.12:50.8 4.00:50.8 3.89:50.8 3.78:50.8 3.64:50.8 3.49:50.9 3.31:50.9 3.09:50.9 2.86:50.9 2.64:50.8 2.41:50.8 2.14:50.8
saved figure -> results/bakeoff_rule_s9.png
task=reachp | device=cpu | params=0.22M | seed=9
== loaded checkpoint results/ckpt_reachp_s9.pt (skip training; eval batches are fresh draws) ==
== eval (N=12000, T=10) | no-halt acc 35.8% @ 10 steps ==
== fixed-depth frontier (compute-matched control) ==
  fixed t= 1 | acc  19.6%
  fixed t= 2 | acc  23.5%
  fixed t= 3 | acc  27.8%
  fixed t= 4 | acc  31.2%
  fixed t= 5 | acc  33.5%
  fixed t= 6 | acc  34.5%
  fixed t= 7 | acc  35.0%
  fixed t= 8 | acc  35.4%
  fixed t= 9 | acc  35.6%
  fixed t=10 | acc  35.8%
== signal arms (tau on held-out calib; shuf_g/shuf_b = global/within-block nulls) ==
  signal        tau    acc  steps  shuf_g  shuf_b    corr  er/pm/wa/fd  pm|halt  tau_ok
  ent        0.0873  35.8%   9.77   35.6%   35.6%  -0.313  0.04/0.00/0.00/0.96     0.02  y
  recon     14.6466  32.8%   8.41   33.0%   32.9%  -0.172  0.04/0.04/0.10/0.82     0.21  FALLBACK
  rnorm    -54.2939  33.0%   8.52   33.2%   33.2%  -0.079  0.04/0.04/0.09/0.83     0.20  FALLBACK
  dstate     1.8576  34.7%   6.62   34.1%   34.0%  +0.004  0.26/0.03/0.53/0.17     0.03  y
  dent       0.0012  35.2%   9.50   35.4%   35.4%  -0.069  0.06/0.01/0.06/0.87     0.06  y
== tau-sweep on eval per signal (steps:acc%) — read matched-compute comparisons (PROJECT.md §7 kill criterion) off these curves, not the single points ==
  curve ent     9.77:35.8 8.61:33.5 7.11:29.9 6.06:27.5 5.37:25.8 4.94:25.5 4.69:25.2 4.47:25.1 4.26:25.0 4.05:24.8 3.84:24.6 3.65:24.4 3.45:24.2 3.23:24.1 3.02:23.7 2.82:23.3 2.59:23.0 2.38:22.6 2.14:22.1 1.92:21.7 1.70:21.3 1.50:20.7 1.32:20.3 1.16:20.0 1.05:19.8
  curve recon   8.41:32.8 6.79:29.1 6.19:27.9 5.68:27.2 5.22:26.6 4.77:25.8 4.35:25.1 3.97:24.3 3.61:23.9 3.21:23.3 2.80:22.6 2.32:21.7 1.95:21.1 1.69:20.7 1.50:20.4 1.31:20.3 1.20:20.1 1.13:20.0 1.06:19.8 1.02:19.6 1.01:19.6 1.00:19.6 1.00:19.6 1.00:19.6 1.00:19.6
  curve rnorm   8.52:33.0 7.67:31.4 7.10:30.5 6.61:29.7 6.10:28.7 5.52:28.0 4.87:26.9 4.18:25.8 3.54:24.7 2.97:23.9 2.51:23.0 2.15:22.5 1.86:21.9 1.67:21.4 1.50:21.1 1.39:20.8 1.28:20.6 1.19:20.2 1.12:19.9 1.07:19.8 1.04:19.6 1.03:19.6 1.03:19.6 1.03:19.6 1.02:19.6
  curve dstate  9.84:35.7 9.52:35.8 9.21:35.7 8.91:35.6 8.59:35.5 8.27:35.3 7.95:35.2 7.62:35.1 7.27:34.9 6.95:34.7 6.62:34.7 6.26:34.5 5.90:34.2 5.55:34.1 5.18:34.0 4.80:33.3 4.39:32.6 3.99:31.7 3.58:30.8 3.20:29.5 2.80:27.5 2.42:25.9 1.99:24.7 1.56:22.6 1.16:20.5
  curve dent    9.50:35.2 8.76:34.6 8.15:34.1 7.61:33.4 7.09:32.8 6.62:32.4 6.22:32.1 5.84:31.5 5.49:31.0 5.19:30.7 4.92:30.2 4.65:29.8 4.40:29.6 4.17:29.2 3.96:29.0 3.75:28.6 3.57:28.3 3.40:28.0 3.24:27.6 3.08:27.3 2.92:26.8 2.75:26.2 2.55:25.6 2.33:24.7 2.13:23.8
saved figure -> results/bakeoff_reachp_s9.png

== bakeoff_reachp ==
  ent       acc 34.70 ± 0.64 (n=5)       steps 9.66 ± 0.12 (n=5) corr -0.31 ± 0.01 (n=5)
  recon     acc 31.92 ± 0.58 (n=5)       steps 8.42 ± 0.05 (n=5) corr -0.17 ± 0.00 (n=5)
  rnorm     acc 32.24 ± 0.59 (n=5)       steps 8.57 ± 0.08 (n=5) corr -0.09 ± 0.01 (n=5)
  dstate    acc 33.78 ± 0.63 (n=5)       steps 6.21 ± 0.50 (n=5) corr 0.02 ± 0.01 (n=5)
  dent      acc 34.42 ± 0.61 (n=5)       steps 9.24 ± 0.37 (n=5) corr -0.07 ± 0.01 (n=5)

== bakeoff_rule ==
  ent       acc 50.02 ± 0.41 (n=5)       steps 2.22 ± 0.19 (n=5) corr -0.97 ± 0.00 (n=5)
  recon     acc 49.98 ± 0.25 (n=5)       steps 2.30 ± 0.58 (n=5) corr -0.78 ± 0.02 (n=5)
  rnorm     acc 49.92 ± 0.36 (n=5)       steps 2.96 ± 0.51 (n=5) corr -0.65 ± 0.01 (n=5)
  dstate    acc 50.06 ± 0.43 (n=5)       steps 1.85 ± 0.12 (n=5) corr 0.64 ± 0.01 (n=5)
  dent      acc 50.68 ± 0.24 (n=5)       steps 2.14 ± 0.01 (n=5) corr -0.14 ± 0.05 (n=5)

== reachp ==
  fixed     acc 20.92 ± 0.37 (n=5)       steps 10.00 ± 0.00 (n=5)
  +halt     acc 16.16 ± 0.38 (n=5)       steps 3.01 ± 0.27 (n=5)
  persist   acc 34.72 ± 0.70 (n=5)       steps 10.00 ± 0.00 (n=5)
  both      acc 25.44 ± 0.53 (n=5)       steps 5.34 ± 0.06 (n=5)
  corr      -0.30 ± 0.01 (n=5)

== rule ==
  fixed     acc 5.94 ± 0.29 (n=5)        steps 8.00 ± 0.00 (n=5)
  +halt     acc 5.24 ± 0.27 (n=5)        steps 1.54 ± 0.02 (n=5)
  persist   acc 50.60 ± 0.33 (n=5)       steps 8.00 ± 0.00 (n=5)
  both      acc 50.28 ± 0.41 (n=5)       steps 2.45 ± 0.11 (n=5)
  corr      -0.97 ± 0.00 (n=5)
Done. Commit logs/figures (NOT the .pt checkpoints):
  git add -f results/*_s*.log results/*_s*.png && git commit && git push
